[0.549s] Invoking command in '/home/henrique/test_px4/src/px4_control': CMAKE_PREFIX_PATH=/home/henrique/test_px4/install/px4_msgs:/home/henrique/test_px4/install/px4_ros_com:/home/henrique/uros_ws/install/micro_ros_setup:/home/henrique/uros_ws/install/micro_ros_agent:/home/henrique/uros_ws/install/micro_ros_msgs LD_LIBRARY_PATH=/home/henrique/test_px4/install/px4_msgs/lib:/home/henrique/test_px4/install/px4_ros_com/lib:/home/henrique/uros_ws/install/micro_ros_agent/lib:/home/henrique/uros_ws/install/micro_ros_msgs/lib:/opt/ros/humble/opt/rviz_ogre_vendor/lib:/opt/ros/humble/lib/x86_64-linux-gnu:/opt/ros/humble/lib PYTHONPATH=/home/henrique/test_px4/build/px4_control/prefix_override:/usr/lib/python3/dist-packages/colcon_core/task/python/colcon_distutils_commands:/home/henrique/test_px4/install/px4_control/lib/python3.10/site-packages:${PYTHONPATH} /usr/bin/python3 -W ignore:setup.py install is deprecated -W ignore:easy_install command is deprecated setup.py egg_info --egg-base ../../build/px4_control build --build-base /home/henrique/test_px4/build/px4_control/build install --record /home/henrique/test_px4/build/px4_control/install.log --single-version-externally-managed install_data
[0.729s] running egg_info
[0.730s] writing ../../build/px4_control/px4_control.egg-info/PKG-INFO
[0.730s] writing dependency_links to ../../build/px4_control/px4_control.egg-info/dependency_links.txt
[0.730s] writing entry points to ../../build/px4_control/px4_control.egg-info/entry_points.txt
[0.730s] writing requirements to ../../build/px4_control/px4_control.egg-info/requires.txt
[0.730s] writing top-level names to ../../build/px4_control/px4_control.egg-info/top_level.txt
[0.731s] reading manifest file '../../build/px4_control/px4_control.egg-info/SOURCES.txt'
[0.732s] writing manifest file '../../build/px4_control/px4_control.egg-info/SOURCES.txt'
[0.732s] running build
[0.732s] running build_py
[0.732s] copying px4_control/simple_controller.py -> /home/henrique/test_px4/build/px4_control/build/lib/px4_control
[0.732s] running install
[0.732s] running install_lib
[0.733s] copying /home/henrique/test_px4/build/px4_control/build/lib/px4_control/simple_controller.py -> /home/henrique/test_px4/install/px4_control/lib/python3.10/site-packages/px4_control
[0.733s] byte-compiling /home/henrique/test_px4/install/px4_control/lib/python3.10/site-packages/px4_control/simple_controller.py to simple_controller.cpython-310.pyc
[0.734s] running install_data
[0.734s] running install_egg_info
[0.736s] removing '/home/henrique/test_px4/install/px4_control/lib/python3.10/site-packages/px4_control-0.0.0-py3.10.egg-info' (and everything under it)
[0.736s] Copying ../../build/px4_control/px4_control.egg-info to /home/henrique/test_px4/install/px4_control/lib/python3.10/site-packages/px4_control-0.0.0-py3.10.egg-info
[0.736s] running install_scripts
[0.751s] Installing processes script to /home/henrique/test_px4/install/px4_control/lib/px4_control
[0.751s] Installing simple_controller script to /home/henrique/test_px4/install/px4_control/lib/px4_control
[0.751s] writing list of installed files to '/home/henrique/test_px4/build/px4_control/install.log'
[0.769s] Invoked command in '/home/henrique/test_px4/src/px4_control' returned '0': CMAKE_PREFIX_PATH=/home/henrique/test_px4/install/px4_msgs:/home/henrique/test_px4/install/px4_ros_com:/home/henrique/uros_ws/install/micro_ros_setup:/home/henrique/uros_ws/install/micro_ros_agent:/home/henrique/uros_ws/install/micro_ros_msgs LD_LIBRARY_PATH=/home/henrique/test_px4/install/px4_msgs/lib:/home/henrique/test_px4/install/px4_ros_com/lib:/home/henrique/uros_ws/install/micro_ros_agent/lib:/home/henrique/uros_ws/install/micro_ros_msgs/lib:/opt/ros/humble/opt/rviz_ogre_vendor/lib:/opt/ros/humble/lib/x86_64-linux-gnu:/opt/ros/humble/lib PYTHONPATH=/home/henrique/test_px4/build/px4_control/prefix_override:/usr/lib/python3/dist-packages/colcon_core/task/python/colcon_distutils_commands:/home/henrique/test_px4/install/px4_control/lib/python3.10/site-packages:${PYTHONPATH} /usr/bin/python3 -W ignore:setup.py install is deprecated -W ignore:easy_install command is deprecated setup.py egg_info --egg-base ../../build/px4_control build --build-base /home/henrique/test_px4/build/px4_control/build install --record /home/henrique/test_px4/build/px4_control/install.log --single-version-externally-managed install_data
