[0.076s] DEBUG:colcon:Command line arguments: ['/usr/bin/colcon', 'build']
[0.076s] DEBUG:colcon:Parsed command line arguments: Namespace(log_base=None, log_level=None, verb_name='build', build_base='build', install_base='install', merge_install=False, symlink_install=False, test_result_base=None, continue_on_error=False, executor='parallel', parallel_workers=8, event_handlers=None, ignore_user_meta=False, metas=['./colcon.meta'], base_paths=['.'], packages_ignore=None, packages_ignore_regex=None, paths=None, packages_up_to=None, packages_up_to_regex=None, packages_above=None, packages_above_and_dependencies=None, packages_above_depth=None, packages_select_by_dep=None, packages_skip_by_dep=None, packages_skip_up_to=None, packages_select_build_failed=False, packages_skip_build_finished=False, packages_select_test_failures=False, packages_skip_test_passed=False, packages_select=None, packages_skip=None, packages_select_regex=None, packages_skip_regex=None, packages_start=None, packages_end=None, allow_overriding=[], cmake_args=None, cmake_target=None, cmake_target_skip_unavailable=False, cmake_clean_cache=False, cmake_clean_first=False, cmake_force_configure=False, ament_cmake_args=None, catkin_cmake_args=None, catkin_skip_building_tests=False, mixin_files=None, mixin=None, verb_parser=<colcon_mixin.mixin.mixin_argument.MixinArgumentDecorator object at 0x763a55b5fa60>, verb_extension=<colcon_core.verb.build.BuildVerb object at 0x763a55ca4970>, main=<bound method BuildVerb.main of <colcon_core.verb.build.BuildVerb object at 0x763a55ca4970>>, mixin_verb=('build',))
[0.197s] Level 1:colcon.colcon_core.package_discovery:discover_packages(colcon_meta) check parameters
[0.197s] Level 1:colcon.colcon_core.package_discovery:discover_packages(recursive) check parameters
[0.197s] Level 1:colcon.colcon_core.package_discovery:discover_packages(ignore) check parameters
[0.197s] Level 1:colcon.colcon_core.package_discovery:discover_packages(path) check parameters
[0.197s] Level 1:colcon.colcon_core.package_discovery:discover_packages(colcon_meta) discover
[0.197s] Level 1:colcon.colcon_core.package_discovery:discover_packages(recursive) discover
[0.197s] INFO:colcon.colcon_core.package_discovery:Crawling recursively for packages in '/home/henrique/test_px4'
[0.198s] Level 1:colcon.colcon_core.package_identification:_identify(.) by extensions ['ignore', 'ignore_ament_install']
[0.198s] Level 1:colcon.colcon_core.package_identification:_identify(.) by extension 'ignore'
[0.198s] Level 1:colcon.colcon_core.package_identification:_identify(.) by extension 'ignore_ament_install'
[0.198s] Level 1:colcon.colcon_core.package_identification:_identify(.) by extensions ['colcon_pkg']
[0.198s] Level 1:colcon.colcon_core.package_identification:_identify(.) by extension 'colcon_pkg'
[0.198s] Level 1:colcon.colcon_core.package_identification:_identify(.) by extensions ['colcon_meta']
[0.198s] Level 1:colcon.colcon_core.package_identification:_identify(.) by extension 'colcon_meta'
[0.198s] Level 1:colcon.colcon_core.package_identification:_identify(.) by extensions ['ros']
[0.198s] Level 1:colcon.colcon_core.package_identification:_identify(.) by extension 'ros'
[0.213s] Level 1:colcon.colcon_core.package_identification:_identify(.) by extensions ['cmake', 'python']
[0.214s] Level 1:colcon.colcon_core.package_identification:_identify(.) by extension 'cmake'
[0.214s] Level 1:colcon.colcon_core.package_identification:_identify(.) by extension 'python'
[0.214s] Level 1:colcon.colcon_core.package_identification:_identify(.) by extensions ['python_setup_py']
[0.214s] Level 1:colcon.colcon_core.package_identification:_identify(.) by extension 'python_setup_py'
[0.214s] Level 1:colcon.colcon_core.package_identification:_identify(build) by extensions ['ignore', 'ignore_ament_install']
[0.214s] Level 1:colcon.colcon_core.package_identification:_identify(build) by extension 'ignore'
[0.214s] Level 1:colcon.colcon_core.package_identification:_identify(build) ignored
[0.214s] Level 1:colcon.colcon_core.package_identification:_identify(install) by extensions ['ignore', 'ignore_ament_install']
[0.214s] Level 1:colcon.colcon_core.package_identification:_identify(install) by extension 'ignore'
[0.214s] Level 1:colcon.colcon_core.package_identification:_identify(install) ignored
[0.214s] Level 1:colcon.colcon_core.package_identification:_identify(log) by extensions ['ignore', 'ignore_ament_install']
[0.214s] Level 1:colcon.colcon_core.package_identification:_identify(log) by extension 'ignore'
[0.214s] Level 1:colcon.colcon_core.package_identification:_identify(log) ignored
[0.214s] Level 1:colcon.colcon_core.package_identification:_identify(src) by extensions ['ignore', 'ignore_ament_install']
[0.214s] Level 1:colcon.colcon_core.package_identification:_identify(src) by extension 'ignore'
[0.214s] Level 1:colcon.colcon_core.package_identification:_identify(src) by extension 'ignore_ament_install'
[0.214s] Level 1:colcon.colcon_core.package_identification:_identify(src) by extensions ['colcon_pkg']
[0.214s] Level 1:colcon.colcon_core.package_identification:_identify(src) by extension 'colcon_pkg'
[0.214s] Level 1:colcon.colcon_core.package_identification:_identify(src) by extensions ['colcon_meta']
[0.214s] Level 1:colcon.colcon_core.package_identification:_identify(src) by extension 'colcon_meta'
[0.214s] Level 1:colcon.colcon_core.package_identification:_identify(src) by extensions ['ros']
[0.214s] Level 1:colcon.colcon_core.package_identification:_identify(src) by extension 'ros'
[0.214s] Level 1:colcon.colcon_core.package_identification:_identify(src) by extensions ['cmake', 'python']
[0.214s] Level 1:colcon.colcon_core.package_identification:_identify(src) by extension 'cmake'
[0.214s] Level 1:colcon.colcon_core.package_identification:_identify(src) by extension 'python'
[0.214s] Level 1:colcon.colcon_core.package_identification:_identify(src) by extensions ['python_setup_py']
[0.215s] Level 1:colcon.colcon_core.package_identification:_identify(src) by extension 'python_setup_py'
[0.215s] Level 1:colcon.colcon_core.package_identification:_identify(src/px4_control) by extensions ['ignore', 'ignore_ament_install']
[0.215s] Level 1:colcon.colcon_core.package_identification:_identify(src/px4_control) by extension 'ignore'
[0.215s] Level 1:colcon.colcon_core.package_identification:_identify(src/px4_control) by extension 'ignore_ament_install'
[0.215s] Level 1:colcon.colcon_core.package_identification:_identify(src/px4_control) by extensions ['colcon_pkg']
[0.215s] Level 1:colcon.colcon_core.package_identification:_identify(src/px4_control) by extension 'colcon_pkg'
[0.215s] Level 1:colcon.colcon_core.package_identification:_identify(src/px4_control) by extensions ['colcon_meta']
[0.215s] Level 1:colcon.colcon_core.package_identification:_identify(src/px4_control) by extension 'colcon_meta'
[0.215s] Level 1:colcon.colcon_core.package_identification:_identify(src/px4_control) by extensions ['ros']
[0.215s] Level 1:colcon.colcon_core.package_identification:_identify(src/px4_control) by extension 'ros'
[0.217s] DEBUG:colcon.colcon_core.package_identification:Package 'src/px4_control' with type 'ros.ament_python' and name 'px4_control'
[0.217s] Level 1:colcon.colcon_core.package_identification:_identify(src/px4_msgs) by extensions ['ignore', 'ignore_ament_install']
[0.217s] Level 1:colcon.colcon_core.package_identification:_identify(src/px4_msgs) by extension 'ignore'
[0.217s] Level 1:colcon.colcon_core.package_identification:_identify(src/px4_msgs) by extension 'ignore_ament_install'
[0.217s] Level 1:colcon.colcon_core.package_identification:_identify(src/px4_msgs) by extensions ['colcon_pkg']
[0.217s] Level 1:colcon.colcon_core.package_identification:_identify(src/px4_msgs) by extension 'colcon_pkg'
[0.217s] Level 1:colcon.colcon_core.package_identification:_identify(src/px4_msgs) by extensions ['colcon_meta']
[0.217s] Level 1:colcon.colcon_core.package_identification:_identify(src/px4_msgs) by extension 'colcon_meta'
[0.217s] Level 1:colcon.colcon_core.package_identification:_identify(src/px4_msgs) by extensions ['ros']
[0.217s] Level 1:colcon.colcon_core.package_identification:_identify(src/px4_msgs) by extension 'ros'
[0.217s] DEBUG:colcon.colcon_core.package_identification:Package 'src/px4_msgs' with type 'ros.ament_cmake' and name 'px4_msgs'
[0.217s] Level 1:colcon.colcon_core.package_identification:_identify(src/px4_ros_com) by extensions ['ignore', 'ignore_ament_install']
[0.218s] Level 1:colcon.colcon_core.package_identification:_identify(src/px4_ros_com) by extension 'ignore'
[0.218s] Level 1:colcon.colcon_core.package_identification:_identify(src/px4_ros_com) by extension 'ignore_ament_install'
[0.218s] Level 1:colcon.colcon_core.package_identification:_identify(src/px4_ros_com) by extensions ['colcon_pkg']
[0.218s] Level 1:colcon.colcon_core.package_identification:_identify(src/px4_ros_com) by extension 'colcon_pkg'
[0.218s] Level 1:colcon.colcon_core.package_identification:_identify(src/px4_ros_com) by extensions ['colcon_meta']
[0.218s] Level 1:colcon.colcon_core.package_identification:_identify(src/px4_ros_com) by extension 'colcon_meta'
[0.218s] Level 1:colcon.colcon_core.package_identification:_identify(src/px4_ros_com) by extensions ['ros']
[0.218s] Level 1:colcon.colcon_core.package_identification:_identify(src/px4_ros_com) by extension 'ros'
[0.218s] DEBUG:colcon.colcon_core.package_identification:Package 'src/px4_ros_com' with type 'ros.ament_cmake' and name 'px4_ros_com'
[0.219s] Level 1:colcon.colcon_core.package_discovery:discover_packages(recursive) using defaults
[0.219s] Level 1:colcon.colcon_core.package_discovery:discover_packages(ignore) discover
[0.219s] Level 1:colcon.colcon_core.package_discovery:discover_packages(ignore) using defaults
[0.219s] Level 1:colcon.colcon_core.package_discovery:discover_packages(path) discover
[0.219s] Level 1:colcon.colcon_core.package_discovery:discover_packages(path) using defaults
[0.232s] Level 1:colcon.colcon_core.package_discovery:discover_packages(prefix_path) check parameters
[0.233s] Level 1:colcon.colcon_core.package_discovery:discover_packages(prefix_path) discover
[0.234s] DEBUG:colcon.colcon_installed_package_information.package_discovery:Found 3 installed packages in /home/henrique/test_px4/install
[0.234s] DEBUG:colcon.colcon_installed_package_information.package_discovery:Found 1 installed packages in /home/henrique/projects/rasp_ros_iot/tello_ws/install
[0.234s] DEBUG:colcon.colcon_installed_package_information.package_discovery:Found 3 installed packages in /home/henrique/uros_ws/install
[0.235s] DEBUG:colcon.colcon_installed_package_information.package_discovery:Found 285 installed packages in /opt/ros/humble
[0.236s] Level 1:colcon.colcon_core.package_discovery:discover_packages(prefix_path) using defaults
[0.260s] Level 5:colcon.colcon_core.verb:set package 'px4_msgs' build argument 'cmake_args' from command line to 'None'
[0.260s] Level 5:colcon.colcon_core.verb:set package 'px4_msgs' build argument 'cmake_target' from command line to 'None'
[0.260s] Level 5:colcon.colcon_core.verb:set package 'px4_msgs' build argument 'cmake_target_skip_unavailable' from command line to 'False'
[0.260s] Level 5:colcon.colcon_core.verb:set package 'px4_msgs' build argument 'cmake_clean_cache' from command line to 'False'
[0.260s] Level 5:colcon.colcon_core.verb:set package 'px4_msgs' build argument 'cmake_clean_first' from command line to 'False'
[0.260s] Level 5:colcon.colcon_core.verb:set package 'px4_msgs' build argument 'cmake_force_configure' from command line to 'False'
[0.260s] Level 5:colcon.colcon_core.verb:set package 'px4_msgs' build argument 'ament_cmake_args' from command line to 'None'
[0.260s] Level 5:colcon.colcon_core.verb:set package 'px4_msgs' build argument 'catkin_cmake_args' from command line to 'None'
[0.260s] Level 5:colcon.colcon_core.verb:set package 'px4_msgs' build argument 'catkin_skip_building_tests' from command line to 'False'
[0.260s] DEBUG:colcon.colcon_core.verb:Building package 'px4_msgs' with the following arguments: {'ament_cmake_args': None, 'build_base': '/home/henrique/test_px4/build/px4_msgs', 'catkin_cmake_args': None, 'catkin_skip_building_tests': False, 'cmake_args': None, 'cmake_clean_cache': False, 'cmake_clean_first': False, 'cmake_force_configure': False, 'cmake_target': None, 'cmake_target_skip_unavailable': False, 'install_base': '/home/henrique/test_px4/install/px4_msgs', 'merge_install': False, 'path': '/home/henrique/test_px4/src/px4_msgs', 'symlink_install': False, 'test_result_base': None}
[0.260s] Level 5:colcon.colcon_core.verb:set package 'px4_control' build argument 'cmake_args' from command line to 'None'
[0.261s] Level 5:colcon.colcon_core.verb:set package 'px4_control' build argument 'cmake_target' from command line to 'None'
[0.261s] Level 5:colcon.colcon_core.verb:set package 'px4_control' build argument 'cmake_target_skip_unavailable' from command line to 'False'
[0.261s] Level 5:colcon.colcon_core.verb:set package 'px4_control' build argument 'cmake_clean_cache' from command line to 'False'
[0.261s] Level 5:colcon.colcon_core.verb:set package 'px4_control' build argument 'cmake_clean_first' from command line to 'False'
[0.261s] Level 5:colcon.colcon_core.verb:set package 'px4_control' build argument 'cmake_force_configure' from command line to 'False'
[0.261s] Level 5:colcon.colcon_core.verb:set package 'px4_control' build argument 'ament_cmake_args' from command line to 'None'
[0.261s] Level 5:colcon.colcon_core.verb:set package 'px4_control' build argument 'catkin_cmake_args' from command line to 'None'
[0.261s] Level 5:colcon.colcon_core.verb:set package 'px4_control' build argument 'catkin_skip_building_tests' from command line to 'False'
[0.261s] DEBUG:colcon.colcon_core.verb:Building package 'px4_control' with the following arguments: {'ament_cmake_args': None, 'build_base': '/home/henrique/test_px4/build/px4_control', 'catkin_cmake_args': None, 'catkin_skip_building_tests': False, 'cmake_args': None, 'cmake_clean_cache': False, 'cmake_clean_first': False, 'cmake_force_configure': False, 'cmake_target': None, 'cmake_target_skip_unavailable': False, 'install_base': '/home/henrique/test_px4/install/px4_control', 'merge_install': False, 'path': '/home/henrique/test_px4/src/px4_control', 'symlink_install': False, 'test_result_base': None}
[0.261s] Level 5:colcon.colcon_core.verb:set package 'px4_ros_com' build argument 'cmake_args' from command line to 'None'
[0.261s] Level 5:colcon.colcon_core.verb:set package 'px4_ros_com' build argument 'cmake_target' from command line to 'None'
[0.261s] Level 5:colcon.colcon_core.verb:set package 'px4_ros_com' build argument 'cmake_target_skip_unavailable' from command line to 'False'
[0.261s] Level 5:colcon.colcon_core.verb:set package 'px4_ros_com' build argument 'cmake_clean_cache' from command line to 'False'
[0.261s] Level 5:colcon.colcon_core.verb:set package 'px4_ros_com' build argument 'cmake_clean_first' from command line to 'False'
[0.261s] Level 5:colcon.colcon_core.verb:set package 'px4_ros_com' build argument 'cmake_force_configure' from command line to 'False'
[0.261s] Level 5:colcon.colcon_core.verb:set package 'px4_ros_com' build argument 'ament_cmake_args' from command line to 'None'
[0.261s] Level 5:colcon.colcon_core.verb:set package 'px4_ros_com' build argument 'catkin_cmake_args' from command line to 'None'
[0.261s] Level 5:colcon.colcon_core.verb:set package 'px4_ros_com' build argument 'catkin_skip_building_tests' from command line to 'False'
[0.261s] DEBUG:colcon.colcon_core.verb:Building package 'px4_ros_com' with the following arguments: {'ament_cmake_args': None, 'build_base': '/home/henrique/test_px4/build/px4_ros_com', 'catkin_cmake_args': None, 'catkin_skip_building_tests': False, 'cmake_args': None, 'cmake_clean_cache': False, 'cmake_clean_first': False, 'cmake_force_configure': False, 'cmake_target': None, 'cmake_target_skip_unavailable': False, 'install_base': '/home/henrique/test_px4/install/px4_ros_com', 'merge_install': False, 'path': '/home/henrique/test_px4/src/px4_ros_com', 'symlink_install': False, 'test_result_base': None}
[0.261s] INFO:colcon.colcon_core.executor:Executing jobs using 'parallel' executor
[0.262s] DEBUG:colcon.colcon_parallel_executor.executor.parallel:run_until_complete
[0.262s] INFO:colcon.colcon_ros.task.ament_cmake.build:Building ROS package in '/home/henrique/test_px4/src/px4_msgs' with build type 'ament_cmake'
[0.262s] INFO:colcon.colcon_cmake.task.cmake.build:Building CMake package in '/home/henrique/test_px4/src/px4_msgs'
[0.264s] INFO:colcon.colcon_core.plugin_system:Skipping extension 'colcon_core.shell.bat': Not used on non-Windows systems
[0.264s] INFO:colcon.colcon_core.shell:Skip shell extension 'powershell' for command environment: Not usable outside of PowerShell
[0.264s] DEBUG:colcon.colcon_core.shell:Skip shell extension 'dsv' for command environment
[0.271s] DEBUG:colcon.colcon_core.event_handler.log_command:Invoking command in '/home/henrique/test_px4/build/px4_msgs': CMAKE_PREFIX_PATH=${CMAKE_PREFIX_PATH}:/home/henrique/test_px4/install/px4_control:/home/henrique/projects/rasp_ros_iot/tello_ws/install/tello_sub:/opt/ros/humble /usr/bin/cmake --build /home/henrique/test_px4/build/px4_msgs -- -j8 -l8
[0.910s] DEBUG:colcon.colcon_core.event_handler.log_command:Invoked command in '/home/henrique/test_px4/build/px4_msgs' returned '0': CMAKE_PREFIX_PATH=${CMAKE_PREFIX_PATH}:/home/henrique/test_px4/install/px4_control:/home/henrique/projects/rasp_ros_iot/tello_ws/install/tello_sub:/opt/ros/humble /usr/bin/cmake --build /home/henrique/test_px4/build/px4_msgs -- -j8 -l8
[0.917s] DEBUG:colcon.colcon_core.event_handler.log_command:Invoking command in '/home/henrique/test_px4/build/px4_msgs': CMAKE_PREFIX_PATH=${CMAKE_PREFIX_PATH}:/home/henrique/test_px4/install/px4_control:/home/henrique/projects/rasp_ros_iot/tello_ws/install/tello_sub:/opt/ros/humble /usr/bin/cmake --install /home/henrique/test_px4/build/px4_msgs
[1.154s] Level 1:colcon.colcon_core.environment:create_environment_scripts_only(px4_msgs)
[1.155s] DEBUG:colcon.colcon_core.event_handler.log_command:Invoked command in '/home/henrique/test_px4/build/px4_msgs' returned '0': CMAKE_PREFIX_PATH=${CMAKE_PREFIX_PATH}:/home/henrique/test_px4/install/px4_control:/home/henrique/projects/rasp_ros_iot/tello_ws/install/tello_sub:/opt/ros/humble /usr/bin/cmake --install /home/henrique/test_px4/build/px4_msgs
[1.156s] Level 1:colcon.colcon_core.environment:checking '/home/henrique/test_px4/install/px4_msgs' for CMake module files
[1.157s] Level 1:colcon.colcon_core.environment:checking '/home/henrique/test_px4/install/px4_msgs' for CMake config files
[1.160s] Level 1:colcon.colcon_core.shell:create_environment_hook('px4_msgs', 'cmake_prefix_path')
[1.160s] INFO:colcon.colcon_core.shell:Creating environment hook '/home/henrique/test_px4/install/px4_msgs/share/px4_msgs/hook/cmake_prefix_path.ps1'
[1.161s] INFO:colcon.colcon_core.shell:Creating environment descriptor '/home/henrique/test_px4/install/px4_msgs/share/px4_msgs/hook/cmake_prefix_path.dsv'
[1.161s] INFO:colcon.colcon_core.shell:Creating environment hook '/home/henrique/test_px4/install/px4_msgs/share/px4_msgs/hook/cmake_prefix_path.sh'
[1.162s] Level 1:colcon.colcon_core.environment:checking '/home/henrique/test_px4/install/px4_msgs/lib'
[1.162s] Level 1:colcon.colcon_core.shell:create_environment_hook('px4_msgs', 'ld_library_path_lib')
[1.162s] INFO:colcon.colcon_core.shell:Creating environment hook '/home/henrique/test_px4/install/px4_msgs/share/px4_msgs/hook/ld_library_path_lib.ps1'
[1.162s] INFO:colcon.colcon_core.shell:Creating environment descriptor '/home/henrique/test_px4/install/px4_msgs/share/px4_msgs/hook/ld_library_path_lib.dsv'
[1.163s] INFO:colcon.colcon_core.shell:Creating environment hook '/home/henrique/test_px4/install/px4_msgs/share/px4_msgs/hook/ld_library_path_lib.sh'
[1.163s] Level 1:colcon.colcon_core.environment:checking '/home/henrique/test_px4/install/px4_msgs/bin'
[1.163s] Level 1:colcon.colcon_core.environment:checking '/home/henrique/test_px4/install/px4_msgs/lib/pkgconfig/px4_msgs.pc'
[1.163s] Level 1:colcon.colcon_core.environment:checking '/home/henrique/test_px4/install/px4_msgs/lib/python3.10/site-packages'
[1.163s] Level 1:colcon.colcon_core.environment:checking '/home/henrique/test_px4/install/px4_msgs/bin'
[1.163s] INFO:colcon.colcon_core.shell:Creating package script '/home/henrique/test_px4/install/px4_msgs/share/px4_msgs/package.ps1'
[1.164s] INFO:colcon.colcon_core.shell:Creating package descriptor '/home/henrique/test_px4/install/px4_msgs/share/px4_msgs/package.dsv'
[1.164s] INFO:colcon.colcon_core.shell:Creating package script '/home/henrique/test_px4/install/px4_msgs/share/px4_msgs/package.sh'
[1.165s] INFO:colcon.colcon_core.shell:Creating package script '/home/henrique/test_px4/install/px4_msgs/share/px4_msgs/package.bash'
[1.165s] INFO:colcon.colcon_core.shell:Creating package script '/home/henrique/test_px4/install/px4_msgs/share/px4_msgs/package.zsh'
[1.166s] Level 1:colcon.colcon_core.environment:create_file_with_runtime_dependencies(/home/henrique/test_px4/install/px4_msgs/share/colcon-core/packages/px4_msgs)
[1.166s] Level 1:colcon.colcon_core.environment:create_environment_scripts_only(px4_msgs)
[1.166s] Level 1:colcon.colcon_core.environment:checking '/home/henrique/test_px4/install/px4_msgs' for CMake module files
[1.167s] Level 1:colcon.colcon_core.environment:checking '/home/henrique/test_px4/install/px4_msgs' for CMake config files
[1.170s] Level 1:colcon.colcon_core.shell:create_environment_hook('px4_msgs', 'cmake_prefix_path')
[1.170s] INFO:colcon.colcon_core.shell:Creating environment hook '/home/henrique/test_px4/install/px4_msgs/share/px4_msgs/hook/cmake_prefix_path.ps1'
[1.171s] INFO:colcon.colcon_core.shell:Creating environment descriptor '/home/henrique/test_px4/install/px4_msgs/share/px4_msgs/hook/cmake_prefix_path.dsv'
[1.171s] INFO:colcon.colcon_core.shell:Creating environment hook '/home/henrique/test_px4/install/px4_msgs/share/px4_msgs/hook/cmake_prefix_path.sh'
[1.171s] Level 1:colcon.colcon_core.environment:checking '/home/henrique/test_px4/install/px4_msgs/lib'
[1.171s] Level 1:colcon.colcon_core.shell:create_environment_hook('px4_msgs', 'ld_library_path_lib')
[1.171s] INFO:colcon.colcon_core.shell:Creating environment hook '/home/henrique/test_px4/install/px4_msgs/share/px4_msgs/hook/ld_library_path_lib.ps1'
[1.172s] INFO:colcon.colcon_core.shell:Creating environment descriptor '/home/henrique/test_px4/install/px4_msgs/share/px4_msgs/hook/ld_library_path_lib.dsv'
[1.172s] INFO:colcon.colcon_core.shell:Creating environment hook '/home/henrique/test_px4/install/px4_msgs/share/px4_msgs/hook/ld_library_path_lib.sh'
[1.172s] Level 1:colcon.colcon_core.environment:checking '/home/henrique/test_px4/install/px4_msgs/bin'
[1.172s] Level 1:colcon.colcon_core.environment:checking '/home/henrique/test_px4/install/px4_msgs/lib/pkgconfig/px4_msgs.pc'
[1.172s] Level 1:colcon.colcon_core.environment:checking '/home/henrique/test_px4/install/px4_msgs/lib/python3.10/site-packages'
[1.172s] Level 1:colcon.colcon_core.environment:checking '/home/henrique/test_px4/install/px4_msgs/bin'
[1.172s] INFO:colcon.colcon_core.shell:Creating package script '/home/henrique/test_px4/install/px4_msgs/share/px4_msgs/package.ps1'
[1.173s] INFO:colcon.colcon_core.shell:Creating package descriptor '/home/henrique/test_px4/install/px4_msgs/share/px4_msgs/package.dsv'
[1.173s] INFO:colcon.colcon_core.shell:Creating package script '/home/henrique/test_px4/install/px4_msgs/share/px4_msgs/package.sh'
[1.173s] INFO:colcon.colcon_core.shell:Creating package script '/home/henrique/test_px4/install/px4_msgs/share/px4_msgs/package.bash'
[1.174s] INFO:colcon.colcon_core.shell:Creating package script '/home/henrique/test_px4/install/px4_msgs/share/px4_msgs/package.zsh'
[1.174s] Level 1:colcon.colcon_core.environment:create_file_with_runtime_dependencies(/home/henrique/test_px4/install/px4_msgs/share/colcon-core/packages/px4_msgs)
[1.174s] INFO:colcon.colcon_ros.task.ament_python.build:Building ROS package in '/home/henrique/test_px4/src/px4_control' with build type 'ament_python'
[1.174s] Level 1:colcon.colcon_core.shell:create_environment_hook('px4_control', 'ament_prefix_path')
[1.174s] INFO:colcon.colcon_core.shell:Creating environment hook '/home/henrique/test_px4/install/px4_control/share/px4_control/hook/ament_prefix_path.ps1'
[1.175s] INFO:colcon.colcon_core.shell:Creating environment descriptor '/home/henrique/test_px4/install/px4_control/share/px4_control/hook/ament_prefix_path.dsv'
[1.175s] INFO:colcon.colcon_core.shell:Creating environment hook '/home/henrique/test_px4/install/px4_control/share/px4_control/hook/ament_prefix_path.sh'
[1.176s] INFO:colcon.colcon_core.shell:Skip shell extension 'powershell' for command environment: Not usable outside of PowerShell
[1.176s] DEBUG:colcon.colcon_core.shell:Skip shell extension 'dsv' for command environment
[1.178s] INFO:colcon.colcon_ros.task.ament_cmake.build:Building ROS package in '/home/henrique/test_px4/src/px4_ros_com' with build type 'ament_cmake'
[1.178s] INFO:colcon.colcon_cmake.task.cmake.build:Building CMake package in '/home/henrique/test_px4/src/px4_ros_com'
[1.179s] INFO:colcon.colcon_core.shell:Skip shell extension 'powershell' for command environment: Not usable outside of PowerShell
[1.179s] DEBUG:colcon.colcon_core.shell:Skip shell extension 'dsv' for command environment
[1.379s] INFO:colcon.colcon_core.task.python.build:Building Python package in '/home/henrique/test_px4/src/px4_control'
[1.379s] INFO:colcon.colcon_core.shell:Skip shell extension 'powershell' for command environment: Not usable outside of PowerShell
[1.379s] DEBUG:colcon.colcon_core.shell:Skip shell extension 'dsv' for command environment
[1.385s] DEBUG:colcon.colcon_core.event_handler.log_command:Invoking command in '/home/henrique/test_px4/build/px4_ros_com': CMAKE_PREFIX_PATH=/home/henrique/test_px4/install/px4_msgs:/home/henrique/test_px4/install/px4_ros_com:/home/henrique/uros_ws/install/micro_ros_setup:/home/henrique/uros_ws/install/micro_ros_agent:/home/henrique/uros_ws/install/micro_ros_msgs:/home/henrique/test_px4/install/px4_control:/home/henrique/projects/rasp_ros_iot/tello_ws/install/tello_sub:/opt/ros/humble LD_LIBRARY_PATH=/home/henrique/test_px4/install/px4_msgs/lib:/home/henrique/test_px4/install/px4_ros_com/lib:/home/henrique/uros_ws/install/micro_ros_agent/lib:/home/henrique/uros_ws/install/micro_ros_msgs/lib:/opt/ros/humble/opt/rviz_ogre_vendor/lib:/opt/ros/humble/lib/x86_64-linux-gnu:/opt/ros/humble/lib /usr/bin/cmake --build /home/henrique/test_px4/build/px4_ros_com -- -j8 -l8
[1.668s] DEBUG:colcon.colcon_core.event_handler.log_command:Invoked command in '/home/henrique/test_px4/build/px4_ros_com' returned '0': CMAKE_PREFIX_PATH=/home/henrique/test_px4/install/px4_msgs:/home/henrique/test_px4/install/px4_ros_com:/home/henrique/uros_ws/install/micro_ros_setup:/home/henrique/uros_ws/install/micro_ros_agent:/home/henrique/uros_ws/install/micro_ros_msgs:/home/henrique/test_px4/install/px4_control:/home/henrique/projects/rasp_ros_iot/tello_ws/install/tello_sub:/opt/ros/humble LD_LIBRARY_PATH=/home/henrique/test_px4/install/px4_msgs/lib:/home/henrique/test_px4/install/px4_ros_com/lib:/home/henrique/uros_ws/install/micro_ros_agent/lib:/home/henrique/uros_ws/install/micro_ros_msgs/lib:/opt/ros/humble/opt/rviz_ogre_vendor/lib:/opt/ros/humble/lib/x86_64-linux-gnu:/opt/ros/humble/lib /usr/bin/cmake --build /home/henrique/test_px4/build/px4_ros_com -- -j8 -l8
[1.669s] DEBUG:colcon.colcon_core.event_handler.log_command:Invoking command in '/home/henrique/test_px4/build/px4_ros_com': CMAKE_PREFIX_PATH=/home/henrique/test_px4/install/px4_msgs:/home/henrique/test_px4/install/px4_ros_com:/home/henrique/uros_ws/install/micro_ros_setup:/home/henrique/uros_ws/install/micro_ros_agent:/home/henrique/uros_ws/install/micro_ros_msgs:/home/henrique/test_px4/install/px4_control:/home/henrique/projects/rasp_ros_iot/tello_ws/install/tello_sub:/opt/ros/humble LD_LIBRARY_PATH=/home/henrique/test_px4/install/px4_msgs/lib:/home/henrique/test_px4/install/px4_ros_com/lib:/home/henrique/uros_ws/install/micro_ros_agent/lib:/home/henrique/uros_ws/install/micro_ros_msgs/lib:/opt/ros/humble/opt/rviz_ogre_vendor/lib:/opt/ros/humble/lib/x86_64-linux-gnu:/opt/ros/humble/lib /usr/bin/cmake --install /home/henrique/test_px4/build/px4_ros_com
[1.719s] Level 1:colcon.colcon_core.environment:create_environment_scripts_only(px4_ros_com)
[1.720s] Level 1:colcon.colcon_core.environment:checking '/home/henrique/test_px4/install/px4_ros_com' for CMake module files
[1.720s] DEBUG:colcon.colcon_core.event_handler.log_command:Invoked command in '/home/henrique/test_px4/build/px4_ros_com' returned '0': CMAKE_PREFIX_PATH=/home/henrique/test_px4/install/px4_msgs:/home/henrique/test_px4/install/px4_ros_com:/home/henrique/uros_ws/install/micro_ros_setup:/home/henrique/uros_ws/install/micro_ros_agent:/home/henrique/uros_ws/install/micro_ros_msgs:/home/henrique/test_px4/install/px4_control:/home/henrique/projects/rasp_ros_iot/tello_ws/install/tello_sub:/opt/ros/humble LD_LIBRARY_PATH=/home/henrique/test_px4/install/px4_msgs/lib:/home/henrique/test_px4/install/px4_ros_com/lib:/home/henrique/uros_ws/install/micro_ros_agent/lib:/home/henrique/uros_ws/install/micro_ros_msgs/lib:/opt/ros/humble/opt/rviz_ogre_vendor/lib:/opt/ros/humble/lib/x86_64-linux-gnu:/opt/ros/humble/lib /usr/bin/cmake --install /home/henrique/test_px4/build/px4_ros_com
[1.721s] Level 1:colcon.colcon_core.environment:checking '/home/henrique/test_px4/install/px4_ros_com' for CMake config files
[1.721s] Level 1:colcon.colcon_core.shell:create_environment_hook('px4_ros_com', 'cmake_prefix_path')
[1.722s] INFO:colcon.colcon_core.shell:Creating environment hook '/home/henrique/test_px4/install/px4_ros_com/share/px4_ros_com/hook/cmake_prefix_path.ps1'
[1.722s] INFO:colcon.colcon_core.shell:Creating environment descriptor '/home/henrique/test_px4/install/px4_ros_com/share/px4_ros_com/hook/cmake_prefix_path.dsv'
[1.723s] INFO:colcon.colcon_core.shell:Creating environment hook '/home/henrique/test_px4/install/px4_ros_com/share/px4_ros_com/hook/cmake_prefix_path.sh'
[1.723s] Level 1:colcon.colcon_core.environment:checking '/home/henrique/test_px4/install/px4_ros_com/lib'
[1.723s] Level 1:colcon.colcon_core.shell:create_environment_hook('px4_ros_com', 'ld_library_path_lib')
[1.723s] INFO:colcon.colcon_core.shell:Creating environment hook '/home/henrique/test_px4/install/px4_ros_com/share/px4_ros_com/hook/ld_library_path_lib.ps1'
[1.724s] INFO:colcon.colcon_core.shell:Creating environment descriptor '/home/henrique/test_px4/install/px4_ros_com/share/px4_ros_com/hook/ld_library_path_lib.dsv'
[1.724s] INFO:colcon.colcon_core.shell:Creating environment hook '/home/henrique/test_px4/install/px4_ros_com/share/px4_ros_com/hook/ld_library_path_lib.sh'
[1.724s] Level 1:colcon.colcon_core.environment:checking '/home/henrique/test_px4/install/px4_ros_com/bin'
[1.724s] Level 1:colcon.colcon_core.environment:checking '/home/henrique/test_px4/install/px4_ros_com/lib/pkgconfig/px4_ros_com.pc'
[1.725s] Level 1:colcon.colcon_core.environment:checking '/home/henrique/test_px4/install/px4_ros_com/lib/python3.10/site-packages'
[1.725s] Level 1:colcon.colcon_core.environment:checking '/home/henrique/test_px4/install/px4_ros_com/bin'
[1.725s] INFO:colcon.colcon_core.shell:Creating package script '/home/henrique/test_px4/install/px4_ros_com/share/px4_ros_com/package.ps1'
[1.725s] INFO:colcon.colcon_core.shell:Creating package descriptor '/home/henrique/test_px4/install/px4_ros_com/share/px4_ros_com/package.dsv'
[1.726s] INFO:colcon.colcon_core.shell:Creating package script '/home/henrique/test_px4/install/px4_ros_com/share/px4_ros_com/package.sh'
[1.726s] INFO:colcon.colcon_core.shell:Creating package script '/home/henrique/test_px4/install/px4_ros_com/share/px4_ros_com/package.bash'
[1.726s] INFO:colcon.colcon_core.shell:Creating package script '/home/henrique/test_px4/install/px4_ros_com/share/px4_ros_com/package.zsh'
[1.726s] Level 1:colcon.colcon_core.environment:create_file_with_runtime_dependencies(/home/henrique/test_px4/install/px4_ros_com/share/colcon-core/packages/px4_ros_com)
[1.727s] Level 1:colcon.colcon_core.environment:create_environment_scripts_only(px4_ros_com)
[1.727s] Level 1:colcon.colcon_core.environment:checking '/home/henrique/test_px4/install/px4_ros_com' for CMake module files
[1.727s] Level 1:colcon.colcon_core.environment:checking '/home/henrique/test_px4/install/px4_ros_com' for CMake config files
[1.728s] Level 1:colcon.colcon_core.shell:create_environment_hook('px4_ros_com', 'cmake_prefix_path')
[1.728s] INFO:colcon.colcon_core.shell:Creating environment hook '/home/henrique/test_px4/install/px4_ros_com/share/px4_ros_com/hook/cmake_prefix_path.ps1'
[1.728s] INFO:colcon.colcon_core.shell:Creating environment descriptor '/home/henrique/test_px4/install/px4_ros_com/share/px4_ros_com/hook/cmake_prefix_path.dsv'
[1.728s] INFO:colcon.colcon_core.shell:Creating environment hook '/home/henrique/test_px4/install/px4_ros_com/share/px4_ros_com/hook/cmake_prefix_path.sh'
[1.728s] Level 1:colcon.colcon_core.environment:checking '/home/henrique/test_px4/install/px4_ros_com/lib'
[1.729s] Level 1:colcon.colcon_core.shell:create_environment_hook('px4_ros_com', 'ld_library_path_lib')
[1.729s] INFO:colcon.colcon_core.shell:Creating environment hook '/home/henrique/test_px4/install/px4_ros_com/share/px4_ros_com/hook/ld_library_path_lib.ps1'
[1.729s] INFO:colcon.colcon_core.shell:Creating environment descriptor '/home/henrique/test_px4/install/px4_ros_com/share/px4_ros_com/hook/ld_library_path_lib.dsv'
[1.729s] INFO:colcon.colcon_core.shell:Creating environment hook '/home/henrique/test_px4/install/px4_ros_com/share/px4_ros_com/hook/ld_library_path_lib.sh'
[1.729s] Level 1:colcon.colcon_core.environment:checking '/home/henrique/test_px4/install/px4_ros_com/bin'
[1.729s] Level 1:colcon.colcon_core.environment:checking '/home/henrique/test_px4/install/px4_ros_com/lib/pkgconfig/px4_ros_com.pc'
[1.730s] Level 1:colcon.colcon_core.environment:checking '/home/henrique/test_px4/install/px4_ros_com/lib/python3.10/site-packages'
[1.730s] Level 1:colcon.colcon_core.environment:checking '/home/henrique/test_px4/install/px4_ros_com/bin'
[1.730s] INFO:colcon.colcon_core.shell:Creating package script '/home/henrique/test_px4/install/px4_ros_com/share/px4_ros_com/package.ps1'
[1.730s] INFO:colcon.colcon_core.shell:Creating package descriptor '/home/henrique/test_px4/install/px4_ros_com/share/px4_ros_com/package.dsv'
[1.730s] INFO:colcon.colcon_core.shell:Creating package script '/home/henrique/test_px4/install/px4_ros_com/share/px4_ros_com/package.sh'
[1.731s] INFO:colcon.colcon_core.shell:Creating package script '/home/henrique/test_px4/install/px4_ros_com/share/px4_ros_com/package.bash'
[1.731s] INFO:colcon.colcon_core.shell:Creating package script '/home/henrique/test_px4/install/px4_ros_com/share/px4_ros_com/package.zsh'
[1.731s] Level 1:colcon.colcon_core.environment:create_file_with_runtime_dependencies(/home/henrique/test_px4/install/px4_ros_com/share/colcon-core/packages/px4_ros_com)
[1.733s] DEBUG:colcon.colcon_core.event_handler.log_command:Invoking command in '/home/henrique/test_px4/src/px4_control': CMAKE_PREFIX_PATH=/home/henrique/test_px4/install/px4_msgs:/home/henrique/test_px4/install/px4_ros_com:/home/henrique/uros_ws/install/micro_ros_setup:/home/henrique/uros_ws/install/micro_ros_agent:/home/henrique/uros_ws/install/micro_ros_msgs LD_LIBRARY_PATH=/home/henrique/test_px4/install/px4_msgs/lib:/home/henrique/test_px4/install/px4_ros_com/lib:/home/henrique/uros_ws/install/micro_ros_agent/lib:/home/henrique/uros_ws/install/micro_ros_msgs/lib:/opt/ros/humble/opt/rviz_ogre_vendor/lib:/opt/ros/humble/lib/x86_64-linux-gnu:/opt/ros/humble/lib PYTHONPATH=/home/henrique/test_px4/build/px4_control/prefix_override:/usr/lib/python3/dist-packages/colcon_core/task/python/colcon_distutils_commands:/home/henrique/test_px4/install/px4_control/lib/python3.10/site-packages:${PYTHONPATH} /usr/bin/python3 -W ignore:setup.py install is deprecated -W ignore:easy_install command is deprecated setup.py egg_info --egg-base ../../build/px4_control build --build-base /home/henrique/test_px4/build/px4_control/build install --record /home/henrique/test_px4/build/px4_control/install.log --single-version-externally-managed install_data
[1.949s] Level 1:colcon.colcon_core.environment:checking '/home/henrique/test_px4/install/px4_control' for CMake module files
[1.949s] DEBUG:colcon.colcon_core.event_handler.log_command:Invoked command in '/home/henrique/test_px4/src/px4_control' returned '0': CMAKE_PREFIX_PATH=/home/henrique/test_px4/install/px4_msgs:/home/henrique/test_px4/install/px4_ros_com:/home/henrique/uros_ws/install/micro_ros_setup:/home/henrique/uros_ws/install/micro_ros_agent:/home/henrique/uros_ws/install/micro_ros_msgs LD_LIBRARY_PATH=/home/henrique/test_px4/install/px4_msgs/lib:/home/henrique/test_px4/install/px4_ros_com/lib:/home/henrique/uros_ws/install/micro_ros_agent/lib:/home/henrique/uros_ws/install/micro_ros_msgs/lib:/opt/ros/humble/opt/rviz_ogre_vendor/lib:/opt/ros/humble/lib/x86_64-linux-gnu:/opt/ros/humble/lib PYTHONPATH=/home/henrique/test_px4/build/px4_control/prefix_override:/usr/lib/python3/dist-packages/colcon_core/task/python/colcon_distutils_commands:/home/henrique/test_px4/install/px4_control/lib/python3.10/site-packages:${PYTHONPATH} /usr/bin/python3 -W ignore:setup.py install is deprecated -W ignore:easy_install command is deprecated setup.py egg_info --egg-base ../../build/px4_control build --build-base /home/henrique/test_px4/build/px4_control/build install --record /home/henrique/test_px4/build/px4_control/install.log --single-version-externally-managed install_data
[1.949s] Level 1:colcon.colcon_core.environment:checking '/home/henrique/test_px4/install/px4_control' for CMake config files
[1.950s] Level 1:colcon.colcon_core.environment:checking '/home/henrique/test_px4/install/px4_control/lib'
[1.950s] Level 1:colcon.colcon_core.environment:checking '/home/henrique/test_px4/install/px4_control/bin'
[1.950s] Level 1:colcon.colcon_core.environment:checking '/home/henrique/test_px4/install/px4_control/lib/pkgconfig/px4_control.pc'
[1.950s] Level 1:colcon.colcon_core.environment:checking '/home/henrique/test_px4/install/px4_control/lib/python3.10/site-packages'
[1.950s] Level 1:colcon.colcon_core.shell:create_environment_hook('px4_control', 'pythonpath')
[1.950s] INFO:colcon.colcon_core.shell:Creating environment hook '/home/henrique/test_px4/install/px4_control/share/px4_control/hook/pythonpath.ps1'
[1.951s] INFO:colcon.colcon_core.shell:Creating environment descriptor '/home/henrique/test_px4/install/px4_control/share/px4_control/hook/pythonpath.dsv'
[1.951s] INFO:colcon.colcon_core.shell:Creating environment hook '/home/henrique/test_px4/install/px4_control/share/px4_control/hook/pythonpath.sh'
[1.951s] Level 1:colcon.colcon_core.environment:checking '/home/henrique/test_px4/install/px4_control/bin'
[1.951s] Level 1:colcon.colcon_core.environment:create_environment_scripts_only(px4_control)
[1.952s] INFO:colcon.colcon_core.shell:Creating package script '/home/henrique/test_px4/install/px4_control/share/px4_control/package.ps1'
[1.952s] INFO:colcon.colcon_core.shell:Creating package descriptor '/home/henrique/test_px4/install/px4_control/share/px4_control/package.dsv'
[1.952s] INFO:colcon.colcon_core.shell:Creating package script '/home/henrique/test_px4/install/px4_control/share/px4_control/package.sh'
[1.952s] INFO:colcon.colcon_core.shell:Creating package script '/home/henrique/test_px4/install/px4_control/share/px4_control/package.bash'
[1.953s] INFO:colcon.colcon_core.shell:Creating package script '/home/henrique/test_px4/install/px4_control/share/px4_control/package.zsh'
[1.953s] Level 1:colcon.colcon_core.environment:create_file_with_runtime_dependencies(/home/henrique/test_px4/install/px4_control/share/colcon-core/packages/px4_control)
[1.953s] DEBUG:colcon.colcon_parallel_executor.executor.parallel:closing loop
[1.953s] DEBUG:colcon.colcon_parallel_executor.executor.parallel:loop closed
[1.953s] DEBUG:colcon.colcon_parallel_executor.executor.parallel:run_until_complete finished with '0'
[1.953s] DEBUG:colcon.colcon_core.event_reactor:joining thread
[1.957s] INFO:colcon.colcon_core.plugin_system:Skipping extension 'colcon_notification.desktop_notification.terminal_notifier': Not used on non-Darwin systems
[1.957s] INFO:colcon.colcon_core.plugin_system:Skipping extension 'colcon_notification.desktop_notification.win32': Not used on non-Windows systems
[1.957s] INFO:colcon.colcon_notification.desktop_notification:Sending desktop notification using 'notify2'
[1.965s] DEBUG:colcon.colcon_core.event_reactor:joined thread
[1.966s] INFO:colcon.colcon_core.shell:Creating prefix script '/home/henrique/test_px4/install/local_setup.ps1'
[1.966s] INFO:colcon.colcon_core.shell:Creating prefix util module '/home/henrique/test_px4/install/_local_setup_util_ps1.py'
[1.967s] INFO:colcon.colcon_core.shell:Creating prefix chain script '/home/henrique/test_px4/install/setup.ps1'
[1.968s] INFO:colcon.colcon_core.shell:Creating prefix script '/home/henrique/test_px4/install/local_setup.sh'
[1.969s] INFO:colcon.colcon_core.shell:Creating prefix util module '/home/henrique/test_px4/install/_local_setup_util_sh.py'
[1.969s] INFO:colcon.colcon_core.shell:Creating prefix chain script '/home/henrique/test_px4/install/setup.sh'
[1.970s] INFO:colcon.colcon_core.shell:Creating prefix script '/home/henrique/test_px4/install/local_setup.bash'
[1.970s] INFO:colcon.colcon_core.shell:Creating prefix chain script '/home/henrique/test_px4/install/setup.bash'
[1.971s] INFO:colcon.colcon_core.shell:Creating prefix script '/home/henrique/test_px4/install/local_setup.zsh'
[1.972s] INFO:colcon.colcon_core.shell:Creating prefix chain script '/home/henrique/test_px4/install/setup.zsh'
