running egg_info
writing ../../build/px4_control/px4_control.egg-info/PKG-INFO
writing dependency_links to ../../build/px4_control/px4_control.egg-info/dependency_links.txt
writing entry points to ../../build/px4_control/px4_control.egg-info/entry_points.txt
writing requirements to ../../build/px4_control/px4_control.egg-info/requires.txt
writing top-level names to ../../build/px4_control/px4_control.egg-info/top_level.txt
reading manifest file '../../build/px4_control/px4_control.egg-info/SOURCES.txt'
writing manifest file '../../build/px4_control/px4_control.egg-info/SOURCES.txt'
running build
running build_py
copying px4_control/processes.py -> /home/henrique/test_px4/build/px4_control/build/lib/px4_control
running install
running install_lib
copying /home/henrique/test_px4/build/px4_control/build/lib/px4_control/processes.py -> /home/henrique/test_px4/install/px4_control/lib/python3.10/site-packages/px4_control
byte-compiling /home/henrique/test_px4/install/px4_control/lib/python3.10/site-packages/px4_control/processes.py to processes.cpython-310.pyc
running install_data
copying launch/px4_control.launch.py -> /home/henrique/test_px4/install/px4_control/share/px4_control
running install_egg_info
removing '/home/henrique/test_px4/install/px4_control/lib/python3.10/site-packages/px4_control-0.0.0-py3.10.egg-info' (and everything under it)
Copying ../../build/px4_control/px4_control.egg-info to /home/henrique/test_px4/install/px4_control/lib/python3.10/site-packages/px4_control-0.0.0-py3.10.egg-info
running install_scripts
Installing processes script to /home/henrique/test_px4/install/px4_control/lib/px4_control
Installing simple_controller script to /home/henrique/test_px4/install/px4_control/lib/px4_control
writing list of installed files to '/home/henrique/test_px4/build/px4_control/install.log'
