[0.206s] Invoking command in '/home/henrique/test_px4/build/px4_ros_com': CMAKE_PREFIX_PATH=/home/henrique/test_px4/install/px4_msgs:/home/henrique/test_px4/install/px4_ros_com:/home/henrique/ros2_px4_offboard_example_ws/install/px4_msgs:/home/henrique/uros_ws/install/micro_ros_setup:/home/henrique/uros_ws/install/micro_ros_agent:/home/henrique/uros_ws/install/micro_ros_msgs:/home/henrique/test_px4/install/px4_control:/home/henrique/ros2_px4_offboard_example_ws/install/px4_offboard:/home/henrique/projects/rasp_ros_iot/tello_ws/install/tello_sub:/opt/ros/humble LD_LIBRARY_PATH=/home/henrique/test_px4/install/px4_msgs/lib:/home/henrique/test_px4/install/px4_ros_com/lib:/home/henrique/ros2_px4_offboard_example_ws/install/px4_msgs/lib:/home/henrique/uros_ws/install/micro_ros_agent/lib:/home/henrique/uros_ws/install/micro_ros_msgs/lib:/opt/ros/humble/opt/rviz_ogre_vendor/lib:/opt/ros/humble/lib/x86_64-linux-gnu:/opt/ros/humble/lib /usr/bin/cmake /home/henrique/test_px4/src/px4_ros_com -DCMAKE_INSTALL_PREFIX=/home/henrique/test_px4/install/px4_ros_com
[0.244s] -- The C compiler identification is GNU 11.4.0
[0.285s] -- The CXX compiler identification is GNU 11.4.0
[0.290s] -- Detecting C compiler ABI info
[0.338s] -- Detecting C compiler ABI info - done
[0.343s] -- Check for working C compiler: /usr/bin/cc - skipped
[0.343s] -- Detecting C compile features
[0.344s] -- Detecting C compile features - done
[0.346s] -- Detecting CXX compiler ABI info
[0.403s] -- Detecting CXX compiler ABI info - done
[0.408s] -- Check for working CXX compiler: /usr/bin/c++ - skipped
[0.409s] -- Detecting CXX compile features
[0.409s] -- Detecting CXX compile features - done
[0.411s] -- Found ament_cmake: 1.3.11 (/opt/ros/humble/share/ament_cmake/cmake)
[0.530s] -- Found Python3: /usr/bin/python3 (found version "3.10.12") found components: Interpreter 
[0.600s] -- Found builtin_interfaces: 1.2.1 (/opt/ros/humble/share/builtin_interfaces/cmake)
[0.624s] -- Found rosidl_generator_c: 3.1.6 (/opt/ros/humble/share/rosidl_generator_c/cmake)
[0.628s] -- Found rosidl_adapter: 3.1.6 (/opt/ros/humble/share/rosidl_adapter/cmake)
[0.633s] -- Found rosidl_generator_cpp: 3.1.6 (/opt/ros/humble/share/rosidl_generator_cpp/cmake)
[0.642s] -- Using all available rosidl_typesupport_c: rosidl_typesupport_fastrtps_c;rosidl_typesupport_introspection_c
[0.666s] -- Using all available rosidl_typesupport_cpp: rosidl_typesupport_fastrtps_cpp;rosidl_typesupport_introspection_cpp
[0.677s] -- Found eigen3_cmake_module: 0.1.1 (/opt/ros/humble/share/eigen3_cmake_module/cmake)
[0.687s] -- Found Eigen3: TRUE (found version "3.4.0") 
[0.689s] -- Found geometry_msgs: 4.2.4 (/opt/ros/humble/share/geometry_msgs/cmake)
[0.714s] -- Found px4_msgs: 2.0.1 (/home/henrique/test_px4/install/px4_msgs/share/px4_msgs/cmake)
[0.736s] -- Found rclcpp: 16.0.11 (/opt/ros/humble/share/rclcpp/cmake)
[0.791s] -- Found rmw_implementation_cmake: 6.1.2 (/opt/ros/humble/share/rmw_implementation_cmake/cmake)
[0.797s] -- Found rmw_fastrtps_cpp: 6.2.7 (/opt/ros/humble/share/rmw_fastrtps_cpp/cmake)
[0.875s] -- Found OpenSSL: /usr/lib/x86_64-linux-gnu/libcrypto.so (found version "3.0.2")  
[0.891s] -- Found FastRTPS: /opt/ros/humble/include  
[0.907s] -- Using RMW implementation 'rmw_fastrtps_cpp' as default
[0.917s] -- Looking for pthread.h
[0.986s] -- Looking for pthread.h - found
[0.986s] -- Performing Test CMAKE_HAVE_LIBC_PTHREAD
[1.044s] -- Performing Test CMAKE_HAVE_LIBC_PTHREAD - Success
[1.045s] -- Found Threads: TRUE  
[1.082s] -- Found sensor_msgs: 4.2.4 (/opt/ros/humble/share/sensor_msgs/cmake)
[1.098s] -- Found rclpy: 3.3.15 (/opt/ros/humble/share/rclpy/cmake)
[1.105s] -- Found ament_lint_auto: 0.12.11 (/opt/ros/humble/share/ament_lint_auto/cmake)
[1.185s] -- Added test 'copyright' to check source files copyright and LICENSE
[1.188s] -- Added test 'cppcheck' to perform static code analysis on C / C++ code
[1.189s] -- Configured cppcheck include dirs: /home/henrique/test_px4/src/px4_ros_com/include;$<BUILD_INTERFACE:/home/henrique/test_px4/src/px4_ros_com/include/px4_ros_com>
[1.189s] -- Configured cppcheck exclude dirs and/or files: 
[1.192s] -- Added test 'cpplint' to check C / C++ code against the Google style
[1.192s] -- Configured cpplint exclude dirs and/or files: 
[1.192s] -- Added test 'flake8' to check Python code syntax and style conventions
[1.194s] -- Added test 'lint_cmake' to check CMake code style
[1.194s] -- Added test 'pep257' to check Python code against some of the docstring style conventions in PEP 257
[1.197s] -- Added test 'uncrustify' to check C / C++ code style
[1.197s] -- Configured uncrustify additional arguments: 
[1.198s] -- Added test 'xmllint' to check XML markup files
[1.199s] -- Configuring done
[1.213s] -- Generating done
[1.219s] -- Build files have been written to: /home/henrique/test_px4/build/px4_ros_com
[1.227s] Invoked command in '/home/henrique/test_px4/build/px4_ros_com' returned '0': CMAKE_PREFIX_PATH=/home/henrique/test_px4/install/px4_msgs:/home/henrique/test_px4/install/px4_ros_com:/home/henrique/ros2_px4_offboard_example_ws/install/px4_msgs:/home/henrique/uros_ws/install/micro_ros_setup:/home/henrique/uros_ws/install/micro_ros_agent:/home/henrique/uros_ws/install/micro_ros_msgs:/home/henrique/test_px4/install/px4_control:/home/henrique/ros2_px4_offboard_example_ws/install/px4_offboard:/home/henrique/projects/rasp_ros_iot/tello_ws/install/tello_sub:/opt/ros/humble LD_LIBRARY_PATH=/home/henrique/test_px4/install/px4_msgs/lib:/home/henrique/test_px4/install/px4_ros_com/lib:/home/henrique/ros2_px4_offboard_example_ws/install/px4_msgs/lib:/home/henrique/uros_ws/install/micro_ros_agent/lib:/home/henrique/uros_ws/install/micro_ros_msgs/lib:/opt/ros/humble/opt/rviz_ogre_vendor/lib:/opt/ros/humble/lib/x86_64-linux-gnu:/opt/ros/humble/lib /usr/bin/cmake /home/henrique/test_px4/src/px4_ros_com -DCMAKE_INSTALL_PREFIX=/home/henrique/test_px4/install/px4_ros_com
[1.228s] Invoking command in '/home/henrique/test_px4/build/px4_ros_com': CMAKE_PREFIX_PATH=/home/henrique/test_px4/install/px4_msgs:/home/henrique/test_px4/install/px4_ros_com:/home/henrique/ros2_px4_offboard_example_ws/install/px4_msgs:/home/henrique/uros_ws/install/micro_ros_setup:/home/henrique/uros_ws/install/micro_ros_agent:/home/henrique/uros_ws/install/micro_ros_msgs:/home/henrique/test_px4/install/px4_control:/home/henrique/ros2_px4_offboard_example_ws/install/px4_offboard:/home/henrique/projects/rasp_ros_iot/tello_ws/install/tello_sub:/opt/ros/humble LD_LIBRARY_PATH=/home/henrique/test_px4/install/px4_msgs/lib:/home/henrique/test_px4/install/px4_ros_com/lib:/home/henrique/ros2_px4_offboard_example_ws/install/px4_msgs/lib:/home/henrique/uros_ws/install/micro_ros_agent/lib:/home/henrique/uros_ws/install/micro_ros_msgs/lib:/opt/ros/humble/opt/rviz_ogre_vendor/lib:/opt/ros/humble/lib/x86_64-linux-gnu:/opt/ros/humble/lib /usr/bin/cmake --build /home/henrique/test_px4/build/px4_ros_com -- -j8 -l8
[1.270s] [  8%] [32mBuilding CXX object CMakeFiles/vehicle_gps_position_listener.dir/src/examples/listeners/vehicle_gps_position_listener.cpp.o[0m
[1.270s] [ 25%] [32mBuilding CXX object CMakeFiles/offboard_control.dir/src/examples/offboard/offboard_control.cpp.o[0m
[1.270s] [ 25%] [32mBuilding CXX object CMakeFiles/offboard_control_srv.dir/src/examples/offboard/offboard_control_srv.cpp.o[0m
[1.271s] [ 33%] [32mBuilding CXX object CMakeFiles/frame_transforms.dir/src/lib/frame_transforms.cpp.o[0m
[1.271s] [ 50%] [32mBuilding CXX object CMakeFiles/debug_vect_advertiser.dir/src/examples/advertisers/debug_vect_advertiser.cpp.o[0m
[1.271s] [ 50%] [32mBuilding CXX object CMakeFiles/sensor_combined_listener.dir/src/examples/listeners/sensor_combined_listener.cpp.o[0m
[1.279s] [ 50%] Built target ament_cmake_python_copy_px4_ros_com
[1.479s] running egg_info
[1.480s] creating px4_ros_com.egg-info
[1.480s] writing px4_ros_com.egg-info/PKG-INFO
[1.481s] writing dependency_links to px4_ros_com.egg-info/dependency_links.txt
[1.481s] writing top-level names to px4_ros_com.egg-info/top_level.txt
[1.481s] writing manifest file 'px4_ros_com.egg-info/SOURCES.txt'
[1.483s] reading manifest file 'px4_ros_com.egg-info/SOURCES.txt'
[1.484s] writing manifest file 'px4_ros_com.egg-info/SOURCES.txt'
[1.514s] [ 50%] Built target ament_cmake_python_build_px4_ros_com_egg
[6.381s] [ 58%] [32m[1mLinking CXX executable debug_vect_advertiser[0m
[6.649s] [ 58%] Built target debug_vect_advertiser
[6.752s] [ 66%] [32m[1mLinking CXX executable offboard_control[0m
[6.958s] [ 66%] Built target offboard_control
[8.116s] [ 75%] [32m[1mLinking CXX executable offboard_control_srv[0m
[8.327s] [ 75%] Built target offboard_control_srv
[8.849s] [ 83%] [32m[1mLinking CXX shared library libframe_transforms.so[0m
[9.086s] [ 83%] Built target frame_transforms
[9.959s] [ 91%] [32m[1mLinking CXX executable sensor_combined_listener[0m
[9.996s] [100%] [32m[1mLinking CXX executable vehicle_gps_position_listener[0m
[10.443s] [100%] Built target vehicle_gps_position_listener
[10.463s] [100%] Built target sensor_combined_listener
[10.471s] Invoked command in '/home/henrique/test_px4/build/px4_ros_com' returned '0': CMAKE_PREFIX_PATH=/home/henrique/test_px4/install/px4_msgs:/home/henrique/test_px4/install/px4_ros_com:/home/henrique/ros2_px4_offboard_example_ws/install/px4_msgs:/home/henrique/uros_ws/install/micro_ros_setup:/home/henrique/uros_ws/install/micro_ros_agent:/home/henrique/uros_ws/install/micro_ros_msgs:/home/henrique/test_px4/install/px4_control:/home/henrique/ros2_px4_offboard_example_ws/install/px4_offboard:/home/henrique/projects/rasp_ros_iot/tello_ws/install/tello_sub:/opt/ros/humble LD_LIBRARY_PATH=/home/henrique/test_px4/install/px4_msgs/lib:/home/henrique/test_px4/install/px4_ros_com/lib:/home/henrique/ros2_px4_offboard_example_ws/install/px4_msgs/lib:/home/henrique/uros_ws/install/micro_ros_agent/lib:/home/henrique/uros_ws/install/micro_ros_msgs/lib:/opt/ros/humble/opt/rviz_ogre_vendor/lib:/opt/ros/humble/lib/x86_64-linux-gnu:/opt/ros/humble/lib /usr/bin/cmake --build /home/henrique/test_px4/build/px4_ros_com -- -j8 -l8
[10.473s] Invoking command in '/home/henrique/test_px4/build/px4_ros_com': CMAKE_PREFIX_PATH=/home/henrique/test_px4/install/px4_msgs:/home/henrique/test_px4/install/px4_ros_com:/home/henrique/ros2_px4_offboard_example_ws/install/px4_msgs:/home/henrique/uros_ws/install/micro_ros_setup:/home/henrique/uros_ws/install/micro_ros_agent:/home/henrique/uros_ws/install/micro_ros_msgs:/home/henrique/test_px4/install/px4_control:/home/henrique/ros2_px4_offboard_example_ws/install/px4_offboard:/home/henrique/projects/rasp_ros_iot/tello_ws/install/tello_sub:/opt/ros/humble LD_LIBRARY_PATH=/home/henrique/test_px4/install/px4_msgs/lib:/home/henrique/test_px4/install/px4_ros_com/lib:/home/henrique/ros2_px4_offboard_example_ws/install/px4_msgs/lib:/home/henrique/uros_ws/install/micro_ros_agent/lib:/home/henrique/uros_ws/install/micro_ros_msgs/lib:/opt/ros/humble/opt/rviz_ogre_vendor/lib:/opt/ros/humble/lib/x86_64-linux-gnu:/opt/ros/humble/lib /usr/bin/cmake --install /home/henrique/test_px4/build/px4_ros_com
[10.478s] -- Install configuration: ""
[10.479s] -- Installing: /home/henrique/test_px4/install/px4_ros_com/lib/px4_ros_com/sensor_combined_listener
[10.481s] -- Set runtime path of "/home/henrique/test_px4/install/px4_ros_com/lib/px4_ros_com/sensor_combined_listener" to ""
[10.481s] -- Installing: /home/henrique/test_px4/install/px4_ros_com/lib/px4_ros_com/vehicle_gps_position_listener
[10.483s] -- Set runtime path of "/home/henrique/test_px4/install/px4_ros_com/lib/px4_ros_com/vehicle_gps_position_listener" to ""
[10.483s] -- Installing: /home/henrique/test_px4/install/px4_ros_com/lib/px4_ros_com/debug_vect_advertiser
[10.484s] -- Set runtime path of "/home/henrique/test_px4/install/px4_ros_com/lib/px4_ros_com/debug_vect_advertiser" to ""
[10.484s] -- Installing: /home/henrique/test_px4/install/px4_ros_com/lib/px4_ros_com/offboard_control
[10.484s] -- Set runtime path of "/home/henrique/test_px4/install/px4_ros_com/lib/px4_ros_com/offboard_control" to ""
[10.485s] -- Installing: /home/henrique/test_px4/install/px4_ros_com/lib/px4_ros_com/offboard_control_srv
[10.486s] -- Set runtime path of "/home/henrique/test_px4/install/px4_ros_com/lib/px4_ros_com/offboard_control_srv" to ""
[10.486s] -- Installing: /home/henrique/test_px4/install/px4_ros_com/share/px4_ros_com/environment/library_path.sh
[10.486s] -- Installing: /home/henrique/test_px4/install/px4_ros_com/share/px4_ros_com/environment/library_path.dsv
[10.486s] -- Installing: /home/henrique/test_px4/install/px4_ros_com/include/px4_ros_com
[10.486s] -- Installing: /home/henrique/test_px4/install/px4_ros_com/include/px4_ros_com/frame_transforms.h
[10.486s] -- Installing: /home/henrique/test_px4/install/px4_ros_com/lib/libframe_transforms.so
[10.488s] -- Set runtime path of "/home/henrique/test_px4/install/px4_ros_com/lib/libframe_transforms.so" to ""
[10.488s] -- Installing: /home/henrique/test_px4/install/px4_ros_com/share/px4_ros_com//launch
[10.489s] -- Installing: /home/henrique/test_px4/install/px4_ros_com/share/px4_ros_com//launch/offboard_control_launch.yaml
[10.489s] -- Installing: /home/henrique/test_px4/install/px4_ros_com/share/px4_ros_com//launch/sensor_combined_listener.launch.py
[10.489s] -- Installing: /home/henrique/test_px4/install/px4_ros_com/share/px4_ros_com//test
[10.489s] -- Installing: /home/henrique/test_px4/install/px4_ros_com/share/px4_ros_com//test/__init__.py
[10.489s] -- Installing: /home/henrique/test_px4/install/px4_ros_com/share/px4_ros_com//test/test_input.py
[10.489s] -- Installing: /home/henrique/test_px4/install/px4_ros_com/share/px4_ros_com//test/pipeline_io_test.py
[10.489s] -- Installing: /home/henrique/test_px4/install/px4_ros_com/share/px4_ros_com//test/test_output.py
[10.489s] -- Installing: /home/henrique/test_px4/install/px4_ros_com/share/px4_ros_com/environment/pythonpath.sh
[10.489s] -- Installing: /home/henrique/test_px4/install/px4_ros_com/share/px4_ros_com/environment/pythonpath.dsv
[10.489s] -- Installing: /home/henrique/test_px4/install/px4_ros_com/local/lib/python3.10/dist-packages/px4_ros_com-0.1.0-py3.10.egg-info
[10.489s] -- Installing: /home/henrique/test_px4/install/px4_ros_com/local/lib/python3.10/dist-packages/px4_ros_com-0.1.0-py3.10.egg-info/dependency_links.txt
[10.490s] -- Installing: /home/henrique/test_px4/install/px4_ros_com/local/lib/python3.10/dist-packages/px4_ros_com-0.1.0-py3.10.egg-info/PKG-INFO
[10.490s] -- Installing: /home/henrique/test_px4/install/px4_ros_com/local/lib/python3.10/dist-packages/px4_ros_com-0.1.0-py3.10.egg-info/top_level.txt
[10.490s] -- Installing: /home/henrique/test_px4/install/px4_ros_com/local/lib/python3.10/dist-packages/px4_ros_com-0.1.0-py3.10.egg-info/SOURCES.txt
[10.490s] -- Installing: /home/henrique/test_px4/install/px4_ros_com/local/lib/python3.10/dist-packages/px4_ros_com
[10.490s] -- Installing: /home/henrique/test_px4/install/px4_ros_com/local/lib/python3.10/dist-packages/px4_ros_com/module_to_import.py
[10.490s] -- Installing: /home/henrique/test_px4/install/px4_ros_com/local/lib/python3.10/dist-packages/px4_ros_com/__init__.py
[10.518s] Listing '/home/henrique/test_px4/install/px4_ros_com/local/lib/python3.10/dist-packages/px4_ros_com'...
[10.518s] Compiling '/home/henrique/test_px4/install/px4_ros_com/local/lib/python3.10/dist-packages/px4_ros_com/__init__.py'...
[10.518s] Compiling '/home/henrique/test_px4/install/px4_ros_com/local/lib/python3.10/dist-packages/px4_ros_com/module_to_import.py'...
[10.522s] -- Installing: /home/henrique/test_px4/install/px4_ros_com/lib/px4_ros_com/offboard_control.py
[10.522s] -- Installing: /home/henrique/test_px4/install/px4_ros_com/share/ament_index/resource_index/package_run_dependencies/px4_ros_com
[10.522s] -- Installing: /home/henrique/test_px4/install/px4_ros_com/share/ament_index/resource_index/parent_prefix_path/px4_ros_com
[10.522s] -- Installing: /home/henrique/test_px4/install/px4_ros_com/share/px4_ros_com/environment/ament_prefix_path.sh
[10.522s] -- Installing: /home/henrique/test_px4/install/px4_ros_com/share/px4_ros_com/environment/ament_prefix_path.dsv
[10.522s] -- Installing: /home/henrique/test_px4/install/px4_ros_com/share/px4_ros_com/environment/path.sh
[10.522s] -- Installing: /home/henrique/test_px4/install/px4_ros_com/share/px4_ros_com/environment/path.dsv
[10.522s] -- Installing: /home/henrique/test_px4/install/px4_ros_com/share/px4_ros_com/local_setup.bash
[10.522s] -- Installing: /home/henrique/test_px4/install/px4_ros_com/share/px4_ros_com/local_setup.sh
[10.522s] -- Installing: /home/henrique/test_px4/install/px4_ros_com/share/px4_ros_com/local_setup.zsh
[10.522s] -- Installing: /home/henrique/test_px4/install/px4_ros_com/share/px4_ros_com/local_setup.dsv
[10.523s] -- Installing: /home/henrique/test_px4/install/px4_ros_com/share/px4_ros_com/package.dsv
[10.523s] -- Installing: /home/henrique/test_px4/install/px4_ros_com/share/ament_index/resource_index/packages/px4_ros_com
[10.523s] -- Installing: /home/henrique/test_px4/install/px4_ros_com/share/px4_ros_com/cmake/export_frame_transformsExport.cmake
[10.524s] -- Installing: /home/henrique/test_px4/install/px4_ros_com/share/px4_ros_com/cmake/export_frame_transformsExport-noconfig.cmake
[10.524s] -- Installing: /home/henrique/test_px4/install/px4_ros_com/share/px4_ros_com/cmake/ament_cmake_export_dependencies-extras.cmake
[10.524s] -- Installing: /home/henrique/test_px4/install/px4_ros_com/share/px4_ros_com/cmake/ament_cmake_export_targets-extras.cmake
[10.524s] -- Installing: /home/henrique/test_px4/install/px4_ros_com/share/px4_ros_com/cmake/ament_cmake_export_include_directories-extras.cmake
[10.525s] -- Installing: /home/henrique/test_px4/install/px4_ros_com/share/px4_ros_com/cmake/ament_cmake_export_libraries-extras.cmake
[10.525s] -- Installing: /home/henrique/test_px4/install/px4_ros_com/share/px4_ros_com/cmake/px4_ros_comConfig.cmake
[10.525s] -- Installing: /home/henrique/test_px4/install/px4_ros_com/share/px4_ros_com/cmake/px4_ros_comConfig-version.cmake
[10.525s] -- Installing: /home/henrique/test_px4/install/px4_ros_com/share/px4_ros_com/package.xml
[10.527s] Invoked command in '/home/henrique/test_px4/build/px4_ros_com' returned '0': CMAKE_PREFIX_PATH=/home/henrique/test_px4/install/px4_msgs:/home/henrique/test_px4/install/px4_ros_com:/home/henrique/ros2_px4_offboard_example_ws/install/px4_msgs:/home/henrique/uros_ws/install/micro_ros_setup:/home/henrique/uros_ws/install/micro_ros_agent:/home/henrique/uros_ws/install/micro_ros_msgs:/home/henrique/test_px4/install/px4_control:/home/henrique/ros2_px4_offboard_example_ws/install/px4_offboard:/home/henrique/projects/rasp_ros_iot/tello_ws/install/tello_sub:/opt/ros/humble LD_LIBRARY_PATH=/home/henrique/test_px4/install/px4_msgs/lib:/home/henrique/test_px4/install/px4_ros_com/lib:/home/henrique/ros2_px4_offboard_example_ws/install/px4_msgs/lib:/home/henrique/uros_ws/install/micro_ros_agent/lib:/home/henrique/uros_ws/install/micro_ros_msgs/lib:/opt/ros/humble/opt/rviz_ogre_vendor/lib:/opt/ros/humble/lib/x86_64-linux-gnu:/opt/ros/humble/lib /usr/bin/cmake --install /home/henrique/test_px4/build/px4_ros_com
