[0.117s] DEBUG:colcon:Command line arguments: ['/usr/bin/colcon', 'build']
[0.117s] DEBUG:colcon:Parsed command line arguments: Namespace(log_base=None, log_level=None, verb_name='build', build_base='build', install_base='install', merge_install=False, symlink_install=False, test_result_base=None, continue_on_error=False, executor='parallel', parallel_workers=8, event_handlers=None, ignore_user_meta=False, metas=['./colcon.meta'], base_paths=['.'], packages_ignore=None, packages_ignore_regex=None, paths=None, packages_up_to=None, packages_up_to_regex=None, packages_above=None, packages_above_and_dependencies=None, packages_above_depth=None, packages_select_by_dep=None, packages_skip_by_dep=None, packages_skip_up_to=None, packages_select_build_failed=False, packages_skip_build_finished=False, packages_select_test_failures=False, packages_skip_test_passed=False, packages_select=None, packages_skip=None, packages_select_regex=None, packages_skip_regex=None, packages_start=None, packages_end=None, allow_overriding=[], cmake_args=None, cmake_target=None, cmake_target_skip_unavailable=False, cmake_clean_cache=False, cmake_clean_first=False, cmake_force_configure=False, ament_cmake_args=None, catkin_cmake_args=None, catkin_skip_building_tests=False, mixin_files=None, mixin=None, verb_parser=<colcon_mixin.mixin.mixin_argument.MixinArgumentDecorator object at 0x78cf4e35ba60>, verb_extension=<colcon_core.verb.build.BuildVerb object at 0x78cf4e4a0970>, main=<bound method BuildVerb.main of <colcon_core.verb.build.BuildVerb object at 0x78cf4e4a0970>>, mixin_verb=('build',))
[0.254s] Level 1:colcon.colcon_core.package_discovery:discover_packages(colcon_meta) check parameters
[0.254s] Level 1:colcon.colcon_core.package_discovery:discover_packages(recursive) check parameters
[0.254s] Level 1:colcon.colcon_core.package_discovery:discover_packages(ignore) check parameters
[0.254s] Level 1:colcon.colcon_core.package_discovery:discover_packages(path) check parameters
[0.254s] Level 1:colcon.colcon_core.package_discovery:discover_packages(colcon_meta) discover
[0.254s] Level 1:colcon.colcon_core.package_discovery:discover_packages(recursive) discover
[0.254s] INFO:colcon.colcon_core.package_discovery:Crawling recursively for packages in '/home/henrique/test_px4'
[0.254s] Level 1:colcon.colcon_core.package_identification:_identify(.) by extensions ['ignore', 'ignore_ament_install']
[0.254s] Level 1:colcon.colcon_core.package_identification:_identify(.) by extension 'ignore'
[0.254s] Level 1:colcon.colcon_core.package_identification:_identify(.) by extension 'ignore_ament_install'
[0.254s] Level 1:colcon.colcon_core.package_identification:_identify(.) by extensions ['colcon_pkg']
[0.254s] Level 1:colcon.colcon_core.package_identification:_identify(.) by extension 'colcon_pkg'
[0.254s] Level 1:colcon.colcon_core.package_identification:_identify(.) by extensions ['colcon_meta']
[0.254s] Level 1:colcon.colcon_core.package_identification:_identify(.) by extension 'colcon_meta'
[0.254s] Level 1:colcon.colcon_core.package_identification:_identify(.) by extensions ['ros']
[0.254s] Level 1:colcon.colcon_core.package_identification:_identify(.) by extension 'ros'
[0.273s] Level 1:colcon.colcon_core.package_identification:_identify(.) by extensions ['cmake', 'python']
[0.273s] Level 1:colcon.colcon_core.package_identification:_identify(.) by extension 'cmake'
[0.273s] Level 1:colcon.colcon_core.package_identification:_identify(.) by extension 'python'
[0.273s] Level 1:colcon.colcon_core.package_identification:_identify(.) by extensions ['python_setup_py']
[0.273s] Level 1:colcon.colcon_core.package_identification:_identify(.) by extension 'python_setup_py'
[0.273s] Level 1:colcon.colcon_core.package_identification:_identify(build) by extensions ['ignore', 'ignore_ament_install']
[0.273s] Level 1:colcon.colcon_core.package_identification:_identify(build) by extension 'ignore'
[0.273s] Level 1:colcon.colcon_core.package_identification:_identify(build) ignored
[0.273s] Level 1:colcon.colcon_core.package_identification:_identify(install) by extensions ['ignore', 'ignore_ament_install']
[0.273s] Level 1:colcon.colcon_core.package_identification:_identify(install) by extension 'ignore'
[0.273s] Level 1:colcon.colcon_core.package_identification:_identify(install) ignored
[0.273s] Level 1:colcon.colcon_core.package_identification:_identify(log) by extensions ['ignore', 'ignore_ament_install']
[0.273s] Level 1:colcon.colcon_core.package_identification:_identify(log) by extension 'ignore'
[0.273s] Level 1:colcon.colcon_core.package_identification:_identify(log) ignored
[0.273s] Level 1:colcon.colcon_core.package_identification:_identify(src) by extensions ['ignore', 'ignore_ament_install']
[0.274s] Level 1:colcon.colcon_core.package_identification:_identify(src) by extension 'ignore'
[0.274s] Level 1:colcon.colcon_core.package_identification:_identify(src) by extension 'ignore_ament_install'
[0.274s] Level 1:colcon.colcon_core.package_identification:_identify(src) by extensions ['colcon_pkg']
[0.274s] Level 1:colcon.colcon_core.package_identification:_identify(src) by extension 'colcon_pkg'
[0.274s] Level 1:colcon.colcon_core.package_identification:_identify(src) by extensions ['colcon_meta']
[0.274s] Level 1:colcon.colcon_core.package_identification:_identify(src) by extension 'colcon_meta'
[0.274s] Level 1:colcon.colcon_core.package_identification:_identify(src) by extensions ['ros']
[0.274s] Level 1:colcon.colcon_core.package_identification:_identify(src) by extension 'ros'
[0.274s] Level 1:colcon.colcon_core.package_identification:_identify(src) by extensions ['cmake', 'python']
[0.274s] Level 1:colcon.colcon_core.package_identification:_identify(src) by extension 'cmake'
[0.274s] Level 1:colcon.colcon_core.package_identification:_identify(src) by extension 'python'
[0.274s] Level 1:colcon.colcon_core.package_identification:_identify(src) by extensions ['python_setup_py']
[0.274s] Level 1:colcon.colcon_core.package_identification:_identify(src) by extension 'python_setup_py'
[0.274s] Level 1:colcon.colcon_core.package_identification:_identify(src/px4_control) by extensions ['ignore', 'ignore_ament_install']
[0.274s] Level 1:colcon.colcon_core.package_identification:_identify(src/px4_control) by extension 'ignore'
[0.274s] Level 1:colcon.colcon_core.package_identification:_identify(src/px4_control) by extension 'ignore_ament_install'
[0.274s] Level 1:colcon.colcon_core.package_identification:_identify(src/px4_control) by extensions ['colcon_pkg']
[0.274s] Level 1:colcon.colcon_core.package_identification:_identify(src/px4_control) by extension 'colcon_pkg'
[0.274s] Level 1:colcon.colcon_core.package_identification:_identify(src/px4_control) by extensions ['colcon_meta']
[0.274s] Level 1:colcon.colcon_core.package_identification:_identify(src/px4_control) by extension 'colcon_meta'
[0.274s] Level 1:colcon.colcon_core.package_identification:_identify(src/px4_control) by extensions ['ros']
[0.274s] Level 1:colcon.colcon_core.package_identification:_identify(src/px4_control) by extension 'ros'
[0.277s] DEBUG:colcon.colcon_core.package_identification:Package 'src/px4_control' with type 'ros.ament_python' and name 'px4_control'
[0.277s] Level 1:colcon.colcon_core.package_identification:_identify(src/px4_msgs) by extensions ['ignore', 'ignore_ament_install']
[0.277s] Level 1:colcon.colcon_core.package_identification:_identify(src/px4_msgs) by extension 'ignore'
[0.277s] Level 1:colcon.colcon_core.package_identification:_identify(src/px4_msgs) by extension 'ignore_ament_install'
[0.277s] Level 1:colcon.colcon_core.package_identification:_identify(src/px4_msgs) by extensions ['colcon_pkg']
[0.277s] Level 1:colcon.colcon_core.package_identification:_identify(src/px4_msgs) by extension 'colcon_pkg'
[0.277s] Level 1:colcon.colcon_core.package_identification:_identify(src/px4_msgs) by extensions ['colcon_meta']
[0.277s] Level 1:colcon.colcon_core.package_identification:_identify(src/px4_msgs) by extension 'colcon_meta'
[0.277s] Level 1:colcon.colcon_core.package_identification:_identify(src/px4_msgs) by extensions ['ros']
[0.277s] Level 1:colcon.colcon_core.package_identification:_identify(src/px4_msgs) by extension 'ros'
[0.277s] DEBUG:colcon.colcon_core.package_identification:Package 'src/px4_msgs' with type 'ros.ament_cmake' and name 'px4_msgs'
[0.277s] Level 1:colcon.colcon_core.package_identification:_identify(src/px4_ros_com) by extensions ['ignore', 'ignore_ament_install']
[0.278s] Level 1:colcon.colcon_core.package_identification:_identify(src/px4_ros_com) by extension 'ignore'
[0.278s] Level 1:colcon.colcon_core.package_identification:_identify(src/px4_ros_com) by extension 'ignore_ament_install'
[0.278s] Level 1:colcon.colcon_core.package_identification:_identify(src/px4_ros_com) by extensions ['colcon_pkg']
[0.278s] Level 1:colcon.colcon_core.package_identification:_identify(src/px4_ros_com) by extension 'colcon_pkg'
[0.278s] Level 1:colcon.colcon_core.package_identification:_identify(src/px4_ros_com) by extensions ['colcon_meta']
[0.278s] Level 1:colcon.colcon_core.package_identification:_identify(src/px4_ros_com) by extension 'colcon_meta'
[0.278s] Level 1:colcon.colcon_core.package_identification:_identify(src/px4_ros_com) by extensions ['ros']
[0.278s] Level 1:colcon.colcon_core.package_identification:_identify(src/px4_ros_com) by extension 'ros'
[0.278s] DEBUG:colcon.colcon_core.package_identification:Package 'src/px4_ros_com' with type 'ros.ament_cmake' and name 'px4_ros_com'
[0.278s] Level 1:colcon.colcon_core.package_discovery:discover_packages(recursive) using defaults
[0.279s] Level 1:colcon.colcon_core.package_discovery:discover_packages(ignore) discover
[0.279s] Level 1:colcon.colcon_core.package_discovery:discover_packages(ignore) using defaults
[0.279s] Level 1:colcon.colcon_core.package_discovery:discover_packages(path) discover
[0.279s] Level 1:colcon.colcon_core.package_discovery:discover_packages(path) using defaults
[0.295s] Level 1:colcon.colcon_core.package_discovery:discover_packages(prefix_path) check parameters
[0.296s] Level 1:colcon.colcon_core.package_discovery:discover_packages(prefix_path) discover
[0.298s] DEBUG:colcon.colcon_installed_package_information.package_discovery:Found 3 installed packages in /home/henrique/test_px4/install
[0.298s] DEBUG:colcon.colcon_installed_package_information.package_discovery:Found 1 installed packages in /home/henrique/projects/rasp_ros_iot/tello_ws/install
[0.299s] DEBUG:colcon.colcon_installed_package_information.package_discovery:Found 3 installed packages in /home/henrique/uros_ws/install
[0.300s] DEBUG:colcon.colcon_installed_package_information.package_discovery:Found 285 installed packages in /opt/ros/humble
[0.301s] Level 1:colcon.colcon_core.package_discovery:discover_packages(prefix_path) using defaults
[0.332s] Level 5:colcon.colcon_core.verb:set package 'px4_msgs' build argument 'cmake_args' from command line to 'None'
[0.332s] Level 5:colcon.colcon_core.verb:set package 'px4_msgs' build argument 'cmake_target' from command line to 'None'
[0.332s] Level 5:colcon.colcon_core.verb:set package 'px4_msgs' build argument 'cmake_target_skip_unavailable' from command line to 'False'
[0.332s] Level 5:colcon.colcon_core.verb:set package 'px4_msgs' build argument 'cmake_clean_cache' from command line to 'False'
[0.332s] Level 5:colcon.colcon_core.verb:set package 'px4_msgs' build argument 'cmake_clean_first' from command line to 'False'
[0.332s] Level 5:colcon.colcon_core.verb:set package 'px4_msgs' build argument 'cmake_force_configure' from command line to 'False'
[0.332s] Level 5:colcon.colcon_core.verb:set package 'px4_msgs' build argument 'ament_cmake_args' from command line to 'None'
[0.332s] Level 5:colcon.colcon_core.verb:set package 'px4_msgs' build argument 'catkin_cmake_args' from command line to 'None'
[0.332s] Level 5:colcon.colcon_core.verb:set package 'px4_msgs' build argument 'catkin_skip_building_tests' from command line to 'False'
[0.332s] DEBUG:colcon.colcon_core.verb:Building package 'px4_msgs' with the following arguments: {'ament_cmake_args': None, 'build_base': '/home/henrique/test_px4/build/px4_msgs', 'catkin_cmake_args': None, 'catkin_skip_building_tests': False, 'cmake_args': None, 'cmake_clean_cache': False, 'cmake_clean_first': False, 'cmake_force_configure': False, 'cmake_target': None, 'cmake_target_skip_unavailable': False, 'install_base': '/home/henrique/test_px4/install/px4_msgs', 'merge_install': False, 'path': '/home/henrique/test_px4/src/px4_msgs', 'symlink_install': False, 'test_result_base': None}
[0.332s] Level 5:colcon.colcon_core.verb:set package 'px4_control' build argument 'cmake_args' from command line to 'None'
[0.332s] Level 5:colcon.colcon_core.verb:set package 'px4_control' build argument 'cmake_target' from command line to 'None'
[0.332s] Level 5:colcon.colcon_core.verb:set package 'px4_control' build argument 'cmake_target_skip_unavailable' from command line to 'False'
[0.332s] Level 5:colcon.colcon_core.verb:set package 'px4_control' build argument 'cmake_clean_cache' from command line to 'False'
[0.332s] Level 5:colcon.colcon_core.verb:set package 'px4_control' build argument 'cmake_clean_first' from command line to 'False'
[0.332s] Level 5:colcon.colcon_core.verb:set package 'px4_control' build argument 'cmake_force_configure' from command line to 'False'
[0.332s] Level 5:colcon.colcon_core.verb:set package 'px4_control' build argument 'ament_cmake_args' from command line to 'None'
[0.332s] Level 5:colcon.colcon_core.verb:set package 'px4_control' build argument 'catkin_cmake_args' from command line to 'None'
[0.332s] Level 5:colcon.colcon_core.verb:set package 'px4_control' build argument 'catkin_skip_building_tests' from command line to 'False'
[0.332s] DEBUG:colcon.colcon_core.verb:Building package 'px4_control' with the following arguments: {'ament_cmake_args': None, 'build_base': '/home/henrique/test_px4/build/px4_control', 'catkin_cmake_args': None, 'catkin_skip_building_tests': False, 'cmake_args': None, 'cmake_clean_cache': False, 'cmake_clean_first': False, 'cmake_force_configure': False, 'cmake_target': None, 'cmake_target_skip_unavailable': False, 'install_base': '/home/henrique/test_px4/install/px4_control', 'merge_install': False, 'path': '/home/henrique/test_px4/src/px4_control', 'symlink_install': False, 'test_result_base': None}
[0.332s] Level 5:colcon.colcon_core.verb:set package 'px4_ros_com' build argument 'cmake_args' from command line to 'None'
[0.332s] Level 5:colcon.colcon_core.verb:set package 'px4_ros_com' build argument 'cmake_target' from command line to 'None'
[0.332s] Level 5:colcon.colcon_core.verb:set package 'px4_ros_com' build argument 'cmake_target_skip_unavailable' from command line to 'False'
[0.332s] Level 5:colcon.colcon_core.verb:set package 'px4_ros_com' build argument 'cmake_clean_cache' from command line to 'False'
[0.332s] Level 5:colcon.colcon_core.verb:set package 'px4_ros_com' build argument 'cmake_clean_first' from command line to 'False'
[0.332s] Level 5:colcon.colcon_core.verb:set package 'px4_ros_com' build argument 'cmake_force_configure' from command line to 'False'
[0.332s] Level 5:colcon.colcon_core.verb:set package 'px4_ros_com' build argument 'ament_cmake_args' from command line to 'None'
[0.332s] Level 5:colcon.colcon_core.verb:set package 'px4_ros_com' build argument 'catkin_cmake_args' from command line to 'None'
[0.332s] Level 5:colcon.colcon_core.verb:set package 'px4_ros_com' build argument 'catkin_skip_building_tests' from command line to 'False'
[0.332s] DEBUG:colcon.colcon_core.verb:Building package 'px4_ros_com' with the following arguments: {'ament_cmake_args': None, 'build_base': '/home/henrique/test_px4/build/px4_ros_com', 'catkin_cmake_args': None, 'catkin_skip_building_tests': False, 'cmake_args': None, 'cmake_clean_cache': False, 'cmake_clean_first': False, 'cmake_force_configure': False, 'cmake_target': None, 'cmake_target_skip_unavailable': False, 'install_base': '/home/henrique/test_px4/install/px4_ros_com', 'merge_install': False, 'path': '/home/henrique/test_px4/src/px4_ros_com', 'symlink_install': False, 'test_result_base': None}
[0.333s] INFO:colcon.colcon_core.executor:Executing jobs using 'parallel' executor
[0.333s] DEBUG:colcon.colcon_parallel_executor.executor.parallel:run_until_complete
[0.334s] INFO:colcon.colcon_ros.task.ament_cmake.build:Building ROS package in '/home/henrique/test_px4/src/px4_msgs' with build type 'ament_cmake'
[0.334s] INFO:colcon.colcon_cmake.task.cmake.build:Building CMake package in '/home/henrique/test_px4/src/px4_msgs'
[0.337s] INFO:colcon.colcon_core.plugin_system:Skipping extension 'colcon_core.shell.bat': Not used on non-Windows systems
[0.337s] INFO:colcon.colcon_core.shell:Skip shell extension 'powershell' for command environment: Not usable outside of PowerShell
[0.337s] DEBUG:colcon.colcon_core.shell:Skip shell extension 'dsv' for command environment
[0.345s] DEBUG:colcon.colcon_core.event_handler.log_command:Invoking command in '/home/henrique/test_px4/build/px4_msgs': CMAKE_PREFIX_PATH=${CMAKE_PREFIX_PATH}:/home/henrique/test_px4/install/px4_control:/home/henrique/projects/rasp_ros_iot/tello_ws/install/tello_sub:/opt/ros/humble /usr/bin/cmake --build /home/henrique/test_px4/build/px4_msgs -- -j8 -l8
[1.128s] DEBUG:colcon.colcon_core.event_handler.log_command:Invoked command in '/home/henrique/test_px4/build/px4_msgs' returned '0': CMAKE_PREFIX_PATH=${CMAKE_PREFIX_PATH}:/home/henrique/test_px4/install/px4_control:/home/henrique/projects/rasp_ros_iot/tello_ws/install/tello_sub:/opt/ros/humble /usr/bin/cmake --build /home/henrique/test_px4/build/px4_msgs -- -j8 -l8
[1.137s] DEBUG:colcon.colcon_core.event_handler.log_command:Invoking command in '/home/henrique/test_px4/build/px4_msgs': CMAKE_PREFIX_PATH=${CMAKE_PREFIX_PATH}:/home/henrique/test_px4/install/px4_control:/home/henrique/projects/rasp_ros_iot/tello_ws/install/tello_sub:/opt/ros/humble /usr/bin/cmake --install /home/henrique/test_px4/build/px4_msgs
[1.451s] Level 1:colcon.colcon_core.environment:create_environment_scripts_only(px4_msgs)
[1.452s] DEBUG:colcon.colcon_core.event_handler.log_command:Invoked command in '/home/henrique/test_px4/build/px4_msgs' returned '0': CMAKE_PREFIX_PATH=${CMAKE_PREFIX_PATH}:/home/henrique/test_px4/install/px4_control:/home/henrique/projects/rasp_ros_iot/tello_ws/install/tello_sub:/opt/ros/humble /usr/bin/cmake --install /home/henrique/test_px4/build/px4_msgs
[1.455s] Level 1:colcon.colcon_core.environment:checking '/home/henrique/test_px4/install/px4_msgs' for CMake module files
[1.456s] Level 1:colcon.colcon_core.environment:checking '/home/henrique/test_px4/install/px4_msgs' for CMake config files
[1.459s] Level 1:colcon.colcon_core.shell:create_environment_hook('px4_msgs', 'cmake_prefix_path')
[1.459s] INFO:colcon.colcon_core.shell:Creating environment hook '/home/henrique/test_px4/install/px4_msgs/share/px4_msgs/hook/cmake_prefix_path.ps1'
[1.460s] INFO:colcon.colcon_core.shell:Creating environment descriptor '/home/henrique/test_px4/install/px4_msgs/share/px4_msgs/hook/cmake_prefix_path.dsv'
[1.460s] INFO:colcon.colcon_core.shell:Creating environment hook '/home/henrique/test_px4/install/px4_msgs/share/px4_msgs/hook/cmake_prefix_path.sh'
[1.461s] Level 1:colcon.colcon_core.environment:checking '/home/henrique/test_px4/install/px4_msgs/lib'
[1.461s] Level 1:colcon.colcon_core.shell:create_environment_hook('px4_msgs', 'ld_library_path_lib')
[1.462s] INFO:colcon.colcon_core.shell:Creating environment hook '/home/henrique/test_px4/install/px4_msgs/share/px4_msgs/hook/ld_library_path_lib.ps1'
[1.462s] INFO:colcon.colcon_core.shell:Creating environment descriptor '/home/henrique/test_px4/install/px4_msgs/share/px4_msgs/hook/ld_library_path_lib.dsv'
[1.462s] INFO:colcon.colcon_core.shell:Creating environment hook '/home/henrique/test_px4/install/px4_msgs/share/px4_msgs/hook/ld_library_path_lib.sh'
[1.462s] Level 1:colcon.colcon_core.environment:checking '/home/henrique/test_px4/install/px4_msgs/bin'
[1.462s] Level 1:colcon.colcon_core.environment:checking '/home/henrique/test_px4/install/px4_msgs/lib/pkgconfig/px4_msgs.pc'
[1.462s] Level 1:colcon.colcon_core.environment:checking '/home/henrique/test_px4/install/px4_msgs/lib/python3.10/site-packages'
[1.463s] Level 1:colcon.colcon_core.environment:checking '/home/henrique/test_px4/install/px4_msgs/bin'
[1.463s] INFO:colcon.colcon_core.shell:Creating package script '/home/henrique/test_px4/install/px4_msgs/share/px4_msgs/package.ps1'
[1.464s] INFO:colcon.colcon_core.shell:Creating package descriptor '/home/henrique/test_px4/install/px4_msgs/share/px4_msgs/package.dsv'
[1.464s] INFO:colcon.colcon_core.shell:Creating package script '/home/henrique/test_px4/install/px4_msgs/share/px4_msgs/package.sh'
[1.465s] INFO:colcon.colcon_core.shell:Creating package script '/home/henrique/test_px4/install/px4_msgs/share/px4_msgs/package.bash'
[1.466s] INFO:colcon.colcon_core.shell:Creating package script '/home/henrique/test_px4/install/px4_msgs/share/px4_msgs/package.zsh'
[1.467s] Level 1:colcon.colcon_core.environment:create_file_with_runtime_dependencies(/home/henrique/test_px4/install/px4_msgs/share/colcon-core/packages/px4_msgs)
[1.468s] Level 1:colcon.colcon_core.environment:create_environment_scripts_only(px4_msgs)
[1.468s] Level 1:colcon.colcon_core.environment:checking '/home/henrique/test_px4/install/px4_msgs' for CMake module files
[1.468s] Level 1:colcon.colcon_core.environment:checking '/home/henrique/test_px4/install/px4_msgs' for CMake config files
[1.471s] Level 1:colcon.colcon_core.shell:create_environment_hook('px4_msgs', 'cmake_prefix_path')
[1.472s] INFO:colcon.colcon_core.shell:Creating environment hook '/home/henrique/test_px4/install/px4_msgs/share/px4_msgs/hook/cmake_prefix_path.ps1'
[1.472s] INFO:colcon.colcon_core.shell:Creating environment descriptor '/home/henrique/test_px4/install/px4_msgs/share/px4_msgs/hook/cmake_prefix_path.dsv'
[1.472s] INFO:colcon.colcon_core.shell:Creating environment hook '/home/henrique/test_px4/install/px4_msgs/share/px4_msgs/hook/cmake_prefix_path.sh'
[1.472s] Level 1:colcon.colcon_core.environment:checking '/home/henrique/test_px4/install/px4_msgs/lib'
[1.472s] Level 1:colcon.colcon_core.shell:create_environment_hook('px4_msgs', 'ld_library_path_lib')
[1.473s] INFO:colcon.colcon_core.shell:Creating environment hook '/home/henrique/test_px4/install/px4_msgs/share/px4_msgs/hook/ld_library_path_lib.ps1'
[1.473s] INFO:colcon.colcon_core.shell:Creating environment descriptor '/home/henrique/test_px4/install/px4_msgs/share/px4_msgs/hook/ld_library_path_lib.dsv'
[1.473s] INFO:colcon.colcon_core.shell:Creating environment hook '/home/henrique/test_px4/install/px4_msgs/share/px4_msgs/hook/ld_library_path_lib.sh'
[1.473s] Level 1:colcon.colcon_core.environment:checking '/home/henrique/test_px4/install/px4_msgs/bin'
[1.473s] Level 1:colcon.colcon_core.environment:checking '/home/henrique/test_px4/install/px4_msgs/lib/pkgconfig/px4_msgs.pc'
[1.473s] Level 1:colcon.colcon_core.environment:checking '/home/henrique/test_px4/install/px4_msgs/lib/python3.10/site-packages'
[1.473s] Level 1:colcon.colcon_core.environment:checking '/home/henrique/test_px4/install/px4_msgs/bin'
[1.474s] INFO:colcon.colcon_core.shell:Creating package script '/home/henrique/test_px4/install/px4_msgs/share/px4_msgs/package.ps1'
[1.474s] INFO:colcon.colcon_core.shell:Creating package descriptor '/home/henrique/test_px4/install/px4_msgs/share/px4_msgs/package.dsv'
[1.474s] INFO:colcon.colcon_core.shell:Creating package script '/home/henrique/test_px4/install/px4_msgs/share/px4_msgs/package.sh'
[1.475s] INFO:colcon.colcon_core.shell:Creating package script '/home/henrique/test_px4/install/px4_msgs/share/px4_msgs/package.bash'
[1.475s] INFO:colcon.colcon_core.shell:Creating package script '/home/henrique/test_px4/install/px4_msgs/share/px4_msgs/package.zsh'
[1.475s] Level 1:colcon.colcon_core.environment:create_file_with_runtime_dependencies(/home/henrique/test_px4/install/px4_msgs/share/colcon-core/packages/px4_msgs)
[1.475s] INFO:colcon.colcon_ros.task.ament_python.build:Building ROS package in '/home/henrique/test_px4/src/px4_control' with build type 'ament_python'
[1.475s] Level 1:colcon.colcon_core.shell:create_environment_hook('px4_control', 'ament_prefix_path')
[1.475s] INFO:colcon.colcon_core.shell:Creating environment hook '/home/henrique/test_px4/install/px4_control/share/px4_control/hook/ament_prefix_path.ps1'
[1.476s] INFO:colcon.colcon_core.shell:Creating environment descriptor '/home/henrique/test_px4/install/px4_control/share/px4_control/hook/ament_prefix_path.dsv'
[1.476s] INFO:colcon.colcon_core.shell:Creating environment hook '/home/henrique/test_px4/install/px4_control/share/px4_control/hook/ament_prefix_path.sh'
[1.477s] INFO:colcon.colcon_core.shell:Skip shell extension 'powershell' for command environment: Not usable outside of PowerShell
[1.477s] DEBUG:colcon.colcon_core.shell:Skip shell extension 'dsv' for command environment
[1.479s] INFO:colcon.colcon_ros.task.ament_cmake.build:Building ROS package in '/home/henrique/test_px4/src/px4_ros_com' with build type 'ament_cmake'
[1.479s] INFO:colcon.colcon_cmake.task.cmake.build:Building CMake package in '/home/henrique/test_px4/src/px4_ros_com'
[1.479s] INFO:colcon.colcon_core.shell:Skip shell extension 'powershell' for command environment: Not usable outside of PowerShell
[1.479s] DEBUG:colcon.colcon_core.shell:Skip shell extension 'dsv' for command environment
[1.683s] INFO:colcon.colcon_core.task.python.build:Building Python package in '/home/henrique/test_px4/src/px4_control'
[1.684s] INFO:colcon.colcon_core.shell:Skip shell extension 'powershell' for command environment: Not usable outside of PowerShell
[1.684s] DEBUG:colcon.colcon_core.shell:Skip shell extension 'dsv' for command environment
[1.691s] DEBUG:colcon.colcon_core.event_handler.log_command:Invoking command in '/home/henrique/test_px4/build/px4_ros_com': CMAKE_PREFIX_PATH=/home/henrique/test_px4/install/px4_msgs:/home/henrique/test_px4/install/px4_ros_com:/home/henrique/uros_ws/install/micro_ros_setup:/home/henrique/uros_ws/install/micro_ros_agent:/home/henrique/uros_ws/install/micro_ros_msgs:/home/henrique/test_px4/install/px4_control:/home/henrique/projects/rasp_ros_iot/tello_ws/install/tello_sub:/opt/ros/humble LD_LIBRARY_PATH=/home/henrique/test_px4/install/px4_msgs/lib:/home/henrique/test_px4/install/px4_ros_com/lib:/home/henrique/uros_ws/install/micro_ros_agent/lib:/home/henrique/uros_ws/install/micro_ros_msgs/lib:/opt/ros/humble/opt/rviz_ogre_vendor/lib:/opt/ros/humble/lib/x86_64-linux-gnu:/opt/ros/humble/lib /usr/bin/cmake --build /home/henrique/test_px4/build/px4_ros_com -- -j8 -l8
[1.995s] DEBUG:colcon.colcon_core.event_handler.log_command:Invoked command in '/home/henrique/test_px4/build/px4_ros_com' returned '0': CMAKE_PREFIX_PATH=/home/henrique/test_px4/install/px4_msgs:/home/henrique/test_px4/install/px4_ros_com:/home/henrique/uros_ws/install/micro_ros_setup:/home/henrique/uros_ws/install/micro_ros_agent:/home/henrique/uros_ws/install/micro_ros_msgs:/home/henrique/test_px4/install/px4_control:/home/henrique/projects/rasp_ros_iot/tello_ws/install/tello_sub:/opt/ros/humble LD_LIBRARY_PATH=/home/henrique/test_px4/install/px4_msgs/lib:/home/henrique/test_px4/install/px4_ros_com/lib:/home/henrique/uros_ws/install/micro_ros_agent/lib:/home/henrique/uros_ws/install/micro_ros_msgs/lib:/opt/ros/humble/opt/rviz_ogre_vendor/lib:/opt/ros/humble/lib/x86_64-linux-gnu:/opt/ros/humble/lib /usr/bin/cmake --build /home/henrique/test_px4/build/px4_ros_com -- -j8 -l8
[1.997s] DEBUG:colcon.colcon_core.event_handler.log_command:Invoking command in '/home/henrique/test_px4/build/px4_ros_com': CMAKE_PREFIX_PATH=/home/henrique/test_px4/install/px4_msgs:/home/henrique/test_px4/install/px4_ros_com:/home/henrique/uros_ws/install/micro_ros_setup:/home/henrique/uros_ws/install/micro_ros_agent:/home/henrique/uros_ws/install/micro_ros_msgs:/home/henrique/test_px4/install/px4_control:/home/henrique/projects/rasp_ros_iot/tello_ws/install/tello_sub:/opt/ros/humble LD_LIBRARY_PATH=/home/henrique/test_px4/install/px4_msgs/lib:/home/henrique/test_px4/install/px4_ros_com/lib:/home/henrique/uros_ws/install/micro_ros_agent/lib:/home/henrique/uros_ws/install/micro_ros_msgs/lib:/opt/ros/humble/opt/rviz_ogre_vendor/lib:/opt/ros/humble/lib/x86_64-linux-gnu:/opt/ros/humble/lib /usr/bin/cmake --install /home/henrique/test_px4/build/px4_ros_com
[2.045s] Level 1:colcon.colcon_core.environment:create_environment_scripts_only(px4_ros_com)
[2.046s] Level 1:colcon.colcon_core.environment:checking '/home/henrique/test_px4/install/px4_ros_com' for CMake module files
[2.046s] DEBUG:colcon.colcon_core.event_handler.log_command:Invoked command in '/home/henrique/test_px4/build/px4_ros_com' returned '0': CMAKE_PREFIX_PATH=/home/henrique/test_px4/install/px4_msgs:/home/henrique/test_px4/install/px4_ros_com:/home/henrique/uros_ws/install/micro_ros_setup:/home/henrique/uros_ws/install/micro_ros_agent:/home/henrique/uros_ws/install/micro_ros_msgs:/home/henrique/test_px4/install/px4_control:/home/henrique/projects/rasp_ros_iot/tello_ws/install/tello_sub:/opt/ros/humble LD_LIBRARY_PATH=/home/henrique/test_px4/install/px4_msgs/lib:/home/henrique/test_px4/install/px4_ros_com/lib:/home/henrique/uros_ws/install/micro_ros_agent/lib:/home/henrique/uros_ws/install/micro_ros_msgs/lib:/opt/ros/humble/opt/rviz_ogre_vendor/lib:/opt/ros/humble/lib/x86_64-linux-gnu:/opt/ros/humble/lib /usr/bin/cmake --install /home/henrique/test_px4/build/px4_ros_com
[2.046s] Level 1:colcon.colcon_core.environment:checking '/home/henrique/test_px4/install/px4_ros_com' for CMake config files
[2.047s] Level 1:colcon.colcon_core.shell:create_environment_hook('px4_ros_com', 'cmake_prefix_path')
[2.047s] INFO:colcon.colcon_core.shell:Creating environment hook '/home/henrique/test_px4/install/px4_ros_com/share/px4_ros_com/hook/cmake_prefix_path.ps1'
[2.047s] INFO:colcon.colcon_core.shell:Creating environment descriptor '/home/henrique/test_px4/install/px4_ros_com/share/px4_ros_com/hook/cmake_prefix_path.dsv'
[2.048s] INFO:colcon.colcon_core.shell:Creating environment hook '/home/henrique/test_px4/install/px4_ros_com/share/px4_ros_com/hook/cmake_prefix_path.sh'
[2.048s] Level 1:colcon.colcon_core.environment:checking '/home/henrique/test_px4/install/px4_ros_com/lib'
[2.048s] Level 1:colcon.colcon_core.shell:create_environment_hook('px4_ros_com', 'ld_library_path_lib')
[2.048s] INFO:colcon.colcon_core.shell:Creating environment hook '/home/henrique/test_px4/install/px4_ros_com/share/px4_ros_com/hook/ld_library_path_lib.ps1'
[2.048s] INFO:colcon.colcon_core.shell:Creating environment descriptor '/home/henrique/test_px4/install/px4_ros_com/share/px4_ros_com/hook/ld_library_path_lib.dsv'
[2.049s] INFO:colcon.colcon_core.shell:Creating environment hook '/home/henrique/test_px4/install/px4_ros_com/share/px4_ros_com/hook/ld_library_path_lib.sh'
[2.049s] Level 1:colcon.colcon_core.environment:checking '/home/henrique/test_px4/install/px4_ros_com/bin'
[2.049s] Level 1:colcon.colcon_core.environment:checking '/home/henrique/test_px4/install/px4_ros_com/lib/pkgconfig/px4_ros_com.pc'
[2.049s] Level 1:colcon.colcon_core.environment:checking '/home/henrique/test_px4/install/px4_ros_com/lib/python3.10/site-packages'
[2.049s] Level 1:colcon.colcon_core.environment:checking '/home/henrique/test_px4/install/px4_ros_com/bin'
[2.050s] INFO:colcon.colcon_core.shell:Creating package script '/home/henrique/test_px4/install/px4_ros_com/share/px4_ros_com/package.ps1'
[2.050s] INFO:colcon.colcon_core.shell:Creating package descriptor '/home/henrique/test_px4/install/px4_ros_com/share/px4_ros_com/package.dsv'
[2.050s] INFO:colcon.colcon_core.shell:Creating package script '/home/henrique/test_px4/install/px4_ros_com/share/px4_ros_com/package.sh'
[2.054s] INFO:colcon.colcon_core.shell:Creating package script '/home/henrique/test_px4/install/px4_ros_com/share/px4_ros_com/package.bash'
[2.059s] INFO:colcon.colcon_core.shell:Creating package script '/home/henrique/test_px4/install/px4_ros_com/share/px4_ros_com/package.zsh'
[2.063s] Level 1:colcon.colcon_core.environment:create_file_with_runtime_dependencies(/home/henrique/test_px4/install/px4_ros_com/share/colcon-core/packages/px4_ros_com)
[2.064s] Level 1:colcon.colcon_core.environment:create_environment_scripts_only(px4_ros_com)
[2.064s] Level 1:colcon.colcon_core.environment:checking '/home/henrique/test_px4/install/px4_ros_com' for CMake module files
[2.064s] Level 1:colcon.colcon_core.environment:checking '/home/henrique/test_px4/install/px4_ros_com' for CMake config files
[2.064s] Level 1:colcon.colcon_core.shell:create_environment_hook('px4_ros_com', 'cmake_prefix_path')
[2.064s] INFO:colcon.colcon_core.shell:Creating environment hook '/home/henrique/test_px4/install/px4_ros_com/share/px4_ros_com/hook/cmake_prefix_path.ps1'
[2.065s] INFO:colcon.colcon_core.shell:Creating environment descriptor '/home/henrique/test_px4/install/px4_ros_com/share/px4_ros_com/hook/cmake_prefix_path.dsv'
[2.065s] INFO:colcon.colcon_core.shell:Creating environment hook '/home/henrique/test_px4/install/px4_ros_com/share/px4_ros_com/hook/cmake_prefix_path.sh'
[2.065s] Level 1:colcon.colcon_core.environment:checking '/home/henrique/test_px4/install/px4_ros_com/lib'
[2.066s] Level 1:colcon.colcon_core.shell:create_environment_hook('px4_ros_com', 'ld_library_path_lib')
[2.066s] INFO:colcon.colcon_core.shell:Creating environment hook '/home/henrique/test_px4/install/px4_ros_com/share/px4_ros_com/hook/ld_library_path_lib.ps1'
[2.066s] INFO:colcon.colcon_core.shell:Creating environment descriptor '/home/henrique/test_px4/install/px4_ros_com/share/px4_ros_com/hook/ld_library_path_lib.dsv'
[2.066s] INFO:colcon.colcon_core.shell:Creating environment hook '/home/henrique/test_px4/install/px4_ros_com/share/px4_ros_com/hook/ld_library_path_lib.sh'
[2.067s] Level 1:colcon.colcon_core.environment:checking '/home/henrique/test_px4/install/px4_ros_com/bin'
[2.067s] Level 1:colcon.colcon_core.environment:checking '/home/henrique/test_px4/install/px4_ros_com/lib/pkgconfig/px4_ros_com.pc'
[2.067s] Level 1:colcon.colcon_core.environment:checking '/home/henrique/test_px4/install/px4_ros_com/lib/python3.10/site-packages'
[2.067s] Level 1:colcon.colcon_core.environment:checking '/home/henrique/test_px4/install/px4_ros_com/bin'
[2.067s] INFO:colcon.colcon_core.shell:Creating package script '/home/henrique/test_px4/install/px4_ros_com/share/px4_ros_com/package.ps1'
[2.068s] INFO:colcon.colcon_core.shell:Creating package descriptor '/home/henrique/test_px4/install/px4_ros_com/share/px4_ros_com/package.dsv'
[2.068s] INFO:colcon.colcon_core.shell:Creating package script '/home/henrique/test_px4/install/px4_ros_com/share/px4_ros_com/package.sh'
[2.068s] INFO:colcon.colcon_core.shell:Creating package script '/home/henrique/test_px4/install/px4_ros_com/share/px4_ros_com/package.bash'
[2.069s] INFO:colcon.colcon_core.shell:Creating package script '/home/henrique/test_px4/install/px4_ros_com/share/px4_ros_com/package.zsh'
[2.069s] Level 1:colcon.colcon_core.environment:create_file_with_runtime_dependencies(/home/henrique/test_px4/install/px4_ros_com/share/colcon-core/packages/px4_ros_com)
[2.077s] DEBUG:colcon.colcon_core.event_handler.log_command:Invoking command in '/home/henrique/test_px4/src/px4_control': CMAKE_PREFIX_PATH=/home/henrique/test_px4/install/px4_msgs:/home/henrique/test_px4/install/px4_ros_com:/home/henrique/uros_ws/install/micro_ros_setup:/home/henrique/uros_ws/install/micro_ros_agent:/home/henrique/uros_ws/install/micro_ros_msgs LD_LIBRARY_PATH=/home/henrique/test_px4/install/px4_msgs/lib:/home/henrique/test_px4/install/px4_ros_com/lib:/home/henrique/uros_ws/install/micro_ros_agent/lib:/home/henrique/uros_ws/install/micro_ros_msgs/lib:/opt/ros/humble/opt/rviz_ogre_vendor/lib:/opt/ros/humble/lib/x86_64-linux-gnu:/opt/ros/humble/lib PYTHONPATH=/home/henrique/test_px4/build/px4_control/prefix_override:/usr/lib/python3/dist-packages/colcon_core/task/python/colcon_distutils_commands:/home/henrique/test_px4/install/px4_control/lib/python3.10/site-packages:${PYTHONPATH} /usr/bin/python3 -W ignore:setup.py install is deprecated -W ignore:easy_install command is deprecated setup.py egg_info --egg-base ../../build/px4_control build --build-base /home/henrique/test_px4/build/px4_control/build install --record /home/henrique/test_px4/build/px4_control/install.log --single-version-externally-managed install_data
[2.306s] Level 1:colcon.colcon_core.environment:checking '/home/henrique/test_px4/install/px4_control' for CMake module files
[2.307s] DEBUG:colcon.colcon_core.event_handler.log_command:Invoked command in '/home/henrique/test_px4/src/px4_control' returned '0': CMAKE_PREFIX_PATH=/home/henrique/test_px4/install/px4_msgs:/home/henrique/test_px4/install/px4_ros_com:/home/henrique/uros_ws/install/micro_ros_setup:/home/henrique/uros_ws/install/micro_ros_agent:/home/henrique/uros_ws/install/micro_ros_msgs LD_LIBRARY_PATH=/home/henrique/test_px4/install/px4_msgs/lib:/home/henrique/test_px4/install/px4_ros_com/lib:/home/henrique/uros_ws/install/micro_ros_agent/lib:/home/henrique/uros_ws/install/micro_ros_msgs/lib:/opt/ros/humble/opt/rviz_ogre_vendor/lib:/opt/ros/humble/lib/x86_64-linux-gnu:/opt/ros/humble/lib PYTHONPATH=/home/henrique/test_px4/build/px4_control/prefix_override:/usr/lib/python3/dist-packages/colcon_core/task/python/colcon_distutils_commands:/home/henrique/test_px4/install/px4_control/lib/python3.10/site-packages:${PYTHONPATH} /usr/bin/python3 -W ignore:setup.py install is deprecated -W ignore:easy_install command is deprecated setup.py egg_info --egg-base ../../build/px4_control build --build-base /home/henrique/test_px4/build/px4_control/build install --record /home/henrique/test_px4/build/px4_control/install.log --single-version-externally-managed install_data
[2.307s] Level 1:colcon.colcon_core.environment:checking '/home/henrique/test_px4/install/px4_control' for CMake config files
[2.308s] Level 1:colcon.colcon_core.environment:checking '/home/henrique/test_px4/install/px4_control/lib'
[2.308s] Level 1:colcon.colcon_core.environment:checking '/home/henrique/test_px4/install/px4_control/bin'
[2.308s] Level 1:colcon.colcon_core.environment:checking '/home/henrique/test_px4/install/px4_control/lib/pkgconfig/px4_control.pc'
[2.308s] Level 1:colcon.colcon_core.environment:checking '/home/henrique/test_px4/install/px4_control/lib/python3.10/site-packages'
[2.308s] Level 1:colcon.colcon_core.shell:create_environment_hook('px4_control', 'pythonpath')
[2.308s] INFO:colcon.colcon_core.shell:Creating environment hook '/home/henrique/test_px4/install/px4_control/share/px4_control/hook/pythonpath.ps1'
[2.308s] INFO:colcon.colcon_core.shell:Creating environment descriptor '/home/henrique/test_px4/install/px4_control/share/px4_control/hook/pythonpath.dsv'
[2.309s] INFO:colcon.colcon_core.shell:Creating environment hook '/home/henrique/test_px4/install/px4_control/share/px4_control/hook/pythonpath.sh'
[2.309s] Level 1:colcon.colcon_core.environment:checking '/home/henrique/test_px4/install/px4_control/bin'
[2.309s] Level 1:colcon.colcon_core.environment:create_environment_scripts_only(px4_control)
[2.309s] INFO:colcon.colcon_core.shell:Creating package script '/home/henrique/test_px4/install/px4_control/share/px4_control/package.ps1'
[2.310s] INFO:colcon.colcon_core.shell:Creating package descriptor '/home/henrique/test_px4/install/px4_control/share/px4_control/package.dsv'
[2.310s] INFO:colcon.colcon_core.shell:Creating package script '/home/henrique/test_px4/install/px4_control/share/px4_control/package.sh'
[2.310s] INFO:colcon.colcon_core.shell:Creating package script '/home/henrique/test_px4/install/px4_control/share/px4_control/package.bash'
[2.310s] INFO:colcon.colcon_core.shell:Creating package script '/home/henrique/test_px4/install/px4_control/share/px4_control/package.zsh'
[2.311s] Level 1:colcon.colcon_core.environment:create_file_with_runtime_dependencies(/home/henrique/test_px4/install/px4_control/share/colcon-core/packages/px4_control)
[2.311s] DEBUG:colcon.colcon_parallel_executor.executor.parallel:closing loop
[2.311s] DEBUG:colcon.colcon_parallel_executor.executor.parallel:loop closed
[2.311s] DEBUG:colcon.colcon_parallel_executor.executor.parallel:run_until_complete finished with '0'
[2.311s] DEBUG:colcon.colcon_core.event_reactor:joining thread
[2.316s] INFO:colcon.colcon_core.plugin_system:Skipping extension 'colcon_notification.desktop_notification.terminal_notifier': Not used on non-Darwin systems
[2.316s] INFO:colcon.colcon_core.plugin_system:Skipping extension 'colcon_notification.desktop_notification.win32': Not used on non-Windows systems
[2.316s] INFO:colcon.colcon_notification.desktop_notification:Sending desktop notification using 'notify2'
[2.332s] DEBUG:colcon.colcon_core.event_reactor:joined thread
[2.332s] INFO:colcon.colcon_core.shell:Creating prefix script '/home/henrique/test_px4/install/local_setup.ps1'
[2.333s] INFO:colcon.colcon_core.shell:Creating prefix util module '/home/henrique/test_px4/install/_local_setup_util_ps1.py'
[2.334s] INFO:colcon.colcon_core.shell:Creating prefix chain script '/home/henrique/test_px4/install/setup.ps1'
[2.336s] INFO:colcon.colcon_core.shell:Creating prefix script '/home/henrique/test_px4/install/local_setup.sh'
[2.336s] INFO:colcon.colcon_core.shell:Creating prefix util module '/home/henrique/test_px4/install/_local_setup_util_sh.py'
[2.337s] INFO:colcon.colcon_core.shell:Creating prefix chain script '/home/henrique/test_px4/install/setup.sh'
[2.338s] INFO:colcon.colcon_core.shell:Creating prefix script '/home/henrique/test_px4/install/local_setup.bash'
[2.339s] INFO:colcon.colcon_core.shell:Creating prefix chain script '/home/henrique/test_px4/install/setup.bash'
[2.340s] INFO:colcon.colcon_core.shell:Creating prefix script '/home/henrique/test_px4/install/local_setup.zsh'
[2.340s] INFO:colcon.colcon_core.shell:Creating prefix chain script '/home/henrique/test_px4/install/setup.zsh'
