[0.548s] Invoking command in '/home/henrique/test_px4/src/px4_control': CMAKE_PREFIX_PATH=/home/henrique/test_px4/install/px4_msgs:/home/henrique/test_px4/install/px4_ros_com:/home/henrique/ros2_px4_offboard_example_ws/install/px4_msgs:/home/henrique/uros_ws/install/micro_ros_setup:/home/henrique/uros_ws/install/micro_ros_agent:/home/henrique/uros_ws/install/micro_ros_msgs LD_LIBRARY_PATH=/home/henrique/test_px4/install/px4_msgs/lib:/home/henrique/test_px4/install/px4_ros_com/lib:/home/henrique/ros2_px4_offboard_example_ws/install/px4_msgs/lib:/home/henrique/uros_ws/install/micro_ros_agent/lib:/home/henrique/uros_ws/install/micro_ros_msgs/lib:/opt/ros/humble/opt/rviz_ogre_vendor/lib:/opt/ros/humble/lib/x86_64-linux-gnu:/opt/ros/humble/lib PYTHONPATH=/home/henrique/test_px4/build/px4_control/prefix_override:/usr/lib/python3/dist-packages/colcon_core/task/python/colcon_distutils_commands:/home/henrique/test_px4/install/px4_control/lib/python3.10/site-packages:${PYTHONPATH} /usr/bin/python3 -W ignore:setup.py install is deprecated -W ignore:easy_install command is deprecated setup.py egg_info --egg-base ../../build/px4_control build --build-base /home/henrique/test_px4/build/px4_control/build install --record /home/henrique/test_px4/build/px4_control/install.log --single-version-externally-managed install_data
[0.750s] running egg_info
[0.750s] creating ../../build/px4_control/px4_control.egg-info
[0.750s] writing ../../build/px4_control/px4_control.egg-info/PKG-INFO
[0.751s] writing dependency_links to ../../build/px4_control/px4_control.egg-info/dependency_links.txt
[0.751s] writing entry points to ../../build/px4_control/px4_control.egg-info/entry_points.txt
[0.751s] writing requirements to ../../build/px4_control/px4_control.egg-info/requires.txt
[0.751s] writing top-level names to ../../build/px4_control/px4_control.egg-info/top_level.txt
[0.751s] writing manifest file '../../build/px4_control/px4_control.egg-info/SOURCES.txt'
[0.752s] reading manifest file '../../build/px4_control/px4_control.egg-info/SOURCES.txt'
[0.753s] writing manifest file '../../build/px4_control/px4_control.egg-info/SOURCES.txt'
[0.753s] running build
[0.753s] running build_py
[0.753s] creating /home/henrique/test_px4/build/px4_control/build
[0.753s] creating /home/henrique/test_px4/build/px4_control/build/lib
[0.753s] creating /home/henrique/test_px4/build/px4_control/build/lib/px4_control
[0.753s] copying px4_control/simple_controller.py -> /home/henrique/test_px4/build/px4_control/build/lib/px4_control
[0.753s] copying px4_control/processes.py -> /home/henrique/test_px4/build/px4_control/build/lib/px4_control
[0.753s] copying px4_control/__init__.py -> /home/henrique/test_px4/build/px4_control/build/lib/px4_control
[0.753s] running install
[0.753s] running install_lib
[0.754s] creating /home/henrique/test_px4/install/px4_control/lib/python3.10/site-packages/px4_control
[0.754s] copying /home/henrique/test_px4/build/px4_control/build/lib/px4_control/simple_controller.py -> /home/henrique/test_px4/install/px4_control/lib/python3.10/site-packages/px4_control
[0.754s] copying /home/henrique/test_px4/build/px4_control/build/lib/px4_control/processes.py -> /home/henrique/test_px4/install/px4_control/lib/python3.10/site-packages/px4_control
[0.754s] copying /home/henrique/test_px4/build/px4_control/build/lib/px4_control/__init__.py -> /home/henrique/test_px4/install/px4_control/lib/python3.10/site-packages/px4_control
[0.754s] byte-compiling /home/henrique/test_px4/install/px4_control/lib/python3.10/site-packages/px4_control/simple_controller.py to simple_controller.cpython-310.pyc
[0.755s] byte-compiling /home/henrique/test_px4/install/px4_control/lib/python3.10/site-packages/px4_control/processes.py to processes.cpython-310.pyc
[0.755s] byte-compiling /home/henrique/test_px4/install/px4_control/lib/python3.10/site-packages/px4_control/__init__.py to __init__.cpython-310.pyc
[0.756s] running install_data
[0.756s] creating /home/henrique/test_px4/install/px4_control/share/ament_index
[0.756s] creating /home/henrique/test_px4/install/px4_control/share/ament_index/resource_index
[0.756s] creating /home/henrique/test_px4/install/px4_control/share/ament_index/resource_index/packages
[0.756s] copying resource/px4_control -> /home/henrique/test_px4/install/px4_control/share/ament_index/resource_index/packages
[0.756s] copying package.xml -> /home/henrique/test_px4/install/px4_control/share/px4_control
[0.756s] copying launch/px4_control.launch.py -> /home/henrique/test_px4/install/px4_control/share/px4_control
[0.756s] running install_egg_info
[0.757s] Copying ../../build/px4_control/px4_control.egg-info to /home/henrique/test_px4/install/px4_control/lib/python3.10/site-packages/px4_control-0.0.0-py3.10.egg-info
[0.758s] running install_scripts
[0.773s] Installing processes script to /home/henrique/test_px4/install/px4_control/lib/px4_control
[0.773s] Installing simple_controller script to /home/henrique/test_px4/install/px4_control/lib/px4_control
[0.773s] writing list of installed files to '/home/henrique/test_px4/build/px4_control/install.log'
[0.810s] Invoked command in '/home/henrique/test_px4/src/px4_control' returned '0': CMAKE_PREFIX_PATH=/home/henrique/test_px4/install/px4_msgs:/home/henrique/test_px4/install/px4_ros_com:/home/henrique/ros2_px4_offboard_example_ws/install/px4_msgs:/home/henrique/uros_ws/install/micro_ros_setup:/home/henrique/uros_ws/install/micro_ros_agent:/home/henrique/uros_ws/install/micro_ros_msgs LD_LIBRARY_PATH=/home/henrique/test_px4/install/px4_msgs/lib:/home/henrique/test_px4/install/px4_ros_com/lib:/home/henrique/ros2_px4_offboard_example_ws/install/px4_msgs/lib:/home/henrique/uros_ws/install/micro_ros_agent/lib:/home/henrique/uros_ws/install/micro_ros_msgs/lib:/opt/ros/humble/opt/rviz_ogre_vendor/lib:/opt/ros/humble/lib/x86_64-linux-gnu:/opt/ros/humble/lib PYTHONPATH=/home/henrique/test_px4/build/px4_control/prefix_override:/usr/lib/python3/dist-packages/colcon_core/task/python/colcon_distutils_commands:/home/henrique/test_px4/install/px4_control/lib/python3.10/site-packages:${PYTHONPATH} /usr/bin/python3 -W ignore:setup.py install is deprecated -W ignore:easy_install command is deprecated setup.py egg_info --egg-base ../../build/px4_control build --build-base /home/henrique/test_px4/build/px4_control/build install --record /home/henrique/test_px4/build/px4_control/install.log --single-version-externally-managed install_data
